mode: set
github.com/niconeoz/gopresentation/animation.go:9.32,13.2 1 1
github.com/niconeoz/gopresentation/animation.go:16.52,19.2 2 1
github.com/niconeoz/gopresentation/animation.go:22.45,24.2 1 1
github.com/niconeoz/gopresentation/bullet.go:36.26,42.2 1 1
github.com/niconeoz/gopresentation/bullet.go:45.69,48.19 3 1
github.com/niconeoz/gopresentation/bullet.go:48.19,50.3 1 1
github.com/niconeoz/gopresentation/bullet.go:51.2,51.10 1 1
github.com/niconeoz/gopresentation/bullet.go:55.74,58.22 3 1
github.com/niconeoz/gopresentation/bullet.go:58.22,60.3 1 1
github.com/niconeoz/gopresentation/bullet.go:61.2,61.10 1 1
github.com/niconeoz/gopresentation/bullet.go:65.44,68.2 2 1
github.com/niconeoz/gopresentation/bullet.go:71.43,72.14 1 1
github.com/niconeoz/gopresentation/bullet.go:72.14,74.3 1 1
github.com/niconeoz/gopresentation/bullet.go:75.2,75.15 1 1
github.com/niconeoz/gopresentation/bullet.go:75.15,77.3 1 1
github.com/niconeoz/gopresentation/bullet.go:78.2,79.10 2 1
github.com/niconeoz/gopresentation/chart.go:20.42,20.67 1 1
github.com/niconeoz/gopresentation/chart.go:23.34,31.2 1 1
github.com/niconeoz/gopresentation/chart.go:34.45,34.63 1 1
github.com/niconeoz/gopresentation/chart.go:37.46,37.67 1 1
github.com/niconeoz/gopresentation/chart.go:40.47,40.66 1 1
github.com/niconeoz/gopresentation/chart.go:43.42,43.61 1 0
github.com/niconeoz/gopresentation/chart.go:46.53,46.80 1 1
github.com/niconeoz/gopresentation/chart.go:49.49,49.76 1 1
github.com/niconeoz/gopresentation/chart.go:59.34,64.2 1 1
github.com/niconeoz/gopresentation/chart.go:67.56,70.2 2 1
github.com/niconeoz/gopresentation/chart.go:73.54,76.2 2 1
github.com/niconeoz/gopresentation/chart.go:86.30,91.2 1 1
github.com/niconeoz/gopresentation/chart.go:94.43,94.64 1 1
github.com/niconeoz/gopresentation/chart.go:97.41,97.64 1 0
github.com/niconeoz/gopresentation/chart.go:100.43,100.62 1 1
github.com/niconeoz/gopresentation/chart.go:103.43,103.62 1 1
github.com/niconeoz/gopresentation/chart.go:149.32,158.2 1 1
github.com/niconeoz/gopresentation/chart.go:161.55,164.2 2 1
github.com/niconeoz/gopresentation/chart.go:167.58,170.2 2 1
github.com/niconeoz/gopresentation/chart.go:173.51,176.2 2 1
github.com/niconeoz/gopresentation/chart.go:179.56,182.2 2 1
github.com/niconeoz/gopresentation/chart.go:185.49,188.2 2 1
github.com/niconeoz/gopresentation/chart.go:191.56,194.2 2 1
github.com/niconeoz/gopresentation/chart.go:197.49,200.2 2 1
github.com/niconeoz/gopresentation/chart.go:203.56,206.2 2 1
github.com/niconeoz/gopresentation/chart.go:209.56,212.2 2 1
github.com/niconeoz/gopresentation/chart.go:215.55,218.2 2 1
github.com/niconeoz/gopresentation/chart.go:221.57,224.2 2 1
github.com/niconeoz/gopresentation/chart.go:227.64,230.2 2 1
github.com/niconeoz/gopresentation/chart.go:233.64,236.2 2 1
github.com/niconeoz/gopresentation/chart.go:239.59,242.2 2 1
github.com/niconeoz/gopresentation/chart.go:245.59,248.2 2 1
github.com/niconeoz/gopresentation/chart.go:251.63,254.2 2 1
github.com/niconeoz/gopresentation/chart.go:263.32,268.2 1 1
github.com/niconeoz/gopresentation/chart.go:289.36,295.2 1 1
github.com/niconeoz/gopresentation/chart.go:307.26,316.2 2 1
github.com/niconeoz/gopresentation/chart.go:319.44,319.68 1 1
github.com/niconeoz/gopresentation/chart.go:356.73,358.22 2 1
github.com/niconeoz/gopresentation/chart.go:358.22,360.3 1 1
github.com/niconeoz/gopresentation/chart.go:361.2,367.3 1 1
github.com/niconeoz/gopresentation/chart.go:371.94,373.33 2 1
github.com/niconeoz/gopresentation/chart.go:373.33,374.22 1 1
github.com/niconeoz/gopresentation/chart.go:374.22,376.4 1 1
github.com/niconeoz/gopresentation/chart.go:378.2,384.3 1 1
github.com/niconeoz/gopresentation/chart.go:388.58,391.2 2 1
github.com/niconeoz/gopresentation/chart.go:394.65,397.2 2 1
github.com/niconeoz/gopresentation/chart.go:449.46,449.62 1 1
github.com/niconeoz/gopresentation/chart.go:452.30,460.2 1 1
github.com/niconeoz/gopresentation/chart.go:463.56,466.2 2 1
github.com/niconeoz/gopresentation/chart.go:469.55,471.63 2 1
github.com/niconeoz/gopresentation/chart.go:471.63,473.3 1 1
github.com/niconeoz/gopresentation/chart.go:473.8,475.3 1 0
github.com/niconeoz/gopresentation/chart.go:476.2,476.10 1 1
github.com/niconeoz/gopresentation/chart.go:480.56,481.11 1 1
github.com/niconeoz/gopresentation/chart.go:481.11,483.3 1 0
github.com/niconeoz/gopresentation/chart.go:484.2,484.13 1 1
github.com/niconeoz/gopresentation/chart.go:484.13,486.3 1 1
github.com/niconeoz/gopresentation/chart.go:487.2,488.10 2 1
github.com/niconeoz/gopresentation/chart.go:492.55,493.14 1 1
github.com/niconeoz/gopresentation/chart.go:493.14,495.3 1 0
github.com/niconeoz/gopresentation/chart.go:496.2,496.13 1 1
github.com/niconeoz/gopresentation/chart.go:496.13,498.3 1 0
github.com/niconeoz/gopresentation/chart.go:499.2,500.10 2 1
github.com/niconeoz/gopresentation/chart.go:508.48,508.66 1 1
github.com/niconeoz/gopresentation/chart.go:511.34,513.2 1 1
github.com/niconeoz/gopresentation/chart.go:521.47,521.64 1 1
github.com/niconeoz/gopresentation/chart.go:524.32,528.2 1 1
github.com/niconeoz/gopresentation/chart.go:531.58,534.2 2 1
github.com/niconeoz/gopresentation/chart.go:537.50,540.2 2 1
github.com/niconeoz/gopresentation/chart.go:547.47,547.64 1 1
github.com/niconeoz/gopresentation/chart.go:550.32,552.2 1 1
github.com/niconeoz/gopresentation/chart.go:555.58,558.2 2 1
github.com/niconeoz/gopresentation/chart.go:565.46,565.62 1 1
github.com/niconeoz/gopresentation/chart.go:568.30,570.2 1 1
github.com/niconeoz/gopresentation/chart.go:573.56,576.2 2 1
github.com/niconeoz/gopresentation/chart.go:583.48,583.66 1 1
github.com/niconeoz/gopresentation/chart.go:586.34,588.2 1 1
github.com/niconeoz/gopresentation/chart.go:596.51,596.72 1 1
github.com/niconeoz/gopresentation/chart.go:599.40,604.2 1 1
github.com/niconeoz/gopresentation/chart.go:607.66,610.2 2 1
github.com/niconeoz/gopresentation/chart.go:618.50,618.70 1 1
github.com/niconeoz/gopresentation/chart.go:621.38,623.2 1 1
github.com/niconeoz/gopresentation/chart.go:626.69,629.2 2 1
github.com/niconeoz/gopresentation/chart.go:632.56,635.2 2 1
github.com/niconeoz/gopresentation/chart.go:642.48,642.66 1 1
github.com/niconeoz/gopresentation/chart.go:645.34,647.2 1 1
github.com/niconeoz/gopresentation/chart.go:650.60,653.2 2 1
github.com/niconeoz/gopresentation/comment.go:23.28,27.2 1 1
github.com/niconeoz/gopresentation/comment.go:30.56,33.2 2 1
github.com/niconeoz/gopresentation/comment.go:36.49,39.2 2 1
github.com/niconeoz/gopresentation/comment.go:42.50,46.2 3 1
github.com/niconeoz/gopresentation/comment.go:49.49,52.2 2 1
github.com/niconeoz/gopresentation/comment.go:55.61,60.2 1 1
github.com/niconeoz/gopresentation/group.go:12.42,12.67 1 1
github.com/niconeoz/gopresentation/group.go:15.34,19.2 1 1
github.com/niconeoz/gopresentation/group.go:22.52,25.2 2 1
github.com/niconeoz/gopresentation/group.go:28.42,30.2 1 0
github.com/niconeoz/gopresentation/group.go:33.42,35.2 1 1
github.com/niconeoz/gopresentation/group.go:38.51,39.41 1 1
github.com/niconeoz/gopresentation/group.go:39.41,41.3 1 1
github.com/niconeoz/gopresentation/group.go:42.2,43.12 2 1
github.com/niconeoz/gopresentation/group.go:56.48,56.79 1 1
github.com/niconeoz/gopresentation/group.go:72.68,77.2 1 1
github.com/niconeoz/gopresentation/group.go:80.65,82.2 1 1
github.com/niconeoz/gopresentation/group.go:85.57,87.2 1 1
github.com/niconeoz/gopresentation/group.go:90.54,92.2 1 1
github.com/niconeoz/gopresentation/group.go:99.37,99.57 1 0
github.com/niconeoz/gopresentation/presentation.go:24.26,36.2 3 1
github.com/niconeoz/gopresentation/presentation.go:39.68,41.2 1 1
github.com/niconeoz/gopresentation/presentation.go:44.73,46.2 1 1
github.com/niconeoz/gopresentation/presentation.go:49.76,51.2 1 1
github.com/niconeoz/gopresentation/presentation.go:54.52,56.2 1 1
github.com/niconeoz/gopresentation/presentation.go:59.58,61.2 1 1
github.com/niconeoz/gopresentation/presentation.go:64.45,68.2 3 1
github.com/niconeoz/gopresentation/presentation.go:71.54,74.2 2 1
github.com/niconeoz/gopresentation/presentation.go:77.48,78.24 1 1
github.com/niconeoz/gopresentation/presentation.go:78.24,80.3 1 0
github.com/niconeoz/gopresentation/presentation.go:81.2,81.41 1 1
github.com/niconeoz/gopresentation/presentation.go:81.41,83.3 1 0
github.com/niconeoz/gopresentation/presentation.go:84.2,84.37 1 1
github.com/niconeoz/gopresentation/presentation.go:88.61,89.41 1 1
github.com/niconeoz/gopresentation/presentation.go:89.41,91.3 1 1
github.com/niconeoz/gopresentation/presentation.go:92.2,93.12 2 1
github.com/niconeoz/gopresentation/presentation.go:97.50,99.2 1 1
github.com/niconeoz/gopresentation/presentation.go:102.60,103.41 1 1
github.com/niconeoz/gopresentation/presentation.go:103.41,105.3 1 1
github.com/niconeoz/gopresentation/presentation.go:106.2,106.29 1 1
github.com/niconeoz/gopresentation/presentation.go:110.48,112.2 1 1
github.com/niconeoz/gopresentation/presentation.go:115.44,117.2 1 1
github.com/niconeoz/gopresentation/presentation.go:120.60,121.41 1 1
github.com/niconeoz/gopresentation/presentation.go:121.41,123.3 1 1
github.com/niconeoz/gopresentation/presentation.go:124.2,125.62 2 1
github.com/niconeoz/gopresentation/presentation.go:125.62,127.3 1 1
github.com/niconeoz/gopresentation/presentation.go:128.2,128.12 1 1
github.com/niconeoz/gopresentation/presentation.go:132.57,134.2 1 1
github.com/niconeoz/gopresentation/presentation.go:137.57,141.2 3 1
github.com/niconeoz/gopresentation/presentation.go:180.50,189.2 2 1
github.com/niconeoz/gopresentation/presentation.go:192.104,198.2 1 1
github.com/niconeoz/gopresentation/presentation.go:201.69,204.2 2 1
github.com/niconeoz/gopresentation/presentation.go:207.62,209.35 2 1
github.com/niconeoz/gopresentation/presentation.go:209.35,211.3 1 1
github.com/niconeoz/gopresentation/presentation.go:212.2,212.14 1 1
github.com/niconeoz/gopresentation/presentation.go:216.79,217.42 1 1
github.com/niconeoz/gopresentation/presentation.go:217.42,219.3 1 1
github.com/niconeoz/gopresentation/presentation.go:220.2,220.12 1 1
github.com/niconeoz/gopresentation/presentation.go:224.79,225.42 1 1
github.com/niconeoz/gopresentation/presentation.go:225.42,227.3 1 1
github.com/niconeoz/gopresentation/presentation.go:228.2,228.28 1 1
github.com/niconeoz/gopresentation/properties.go:36.58,44.2 1 1
github.com/niconeoz/gopresentation/properties.go:47.53,49.2 1 1
github.com/niconeoz/gopresentation/properties.go:52.57,54.2 1 1
github.com/niconeoz/gopresentation/properties.go:57.58,59.2 1 1
github.com/niconeoz/gopresentation/properties.go:62.62,64.2 1 1
github.com/niconeoz/gopresentation/properties.go:67.68,69.2 1 1
github.com/niconeoz/gopresentation/properties.go:72.69,74.2 1 1
github.com/niconeoz/gopresentation/properties.go:77.59,79.2 1 1
github.com/niconeoz/gopresentation/properties.go:82.67,84.2 1 1
github.com/niconeoz/gopresentation/properties.go:87.58,89.2 1 1
github.com/niconeoz/gopresentation/properties.go:92.62,93.21 1 1
github.com/niconeoz/gopresentation/properties.go:93.21,96.3 2 1
github.com/niconeoz/gopresentation/properties.go:97.2,97.29 1 1
github.com/niconeoz/gopresentation/properties.go:101.65,103.2 1 1
github.com/niconeoz/gopresentation/properties.go:106.61,108.2 1 1
github.com/niconeoz/gopresentation/properties.go:111.65,113.2 1 1
github.com/niconeoz/gopresentation/properties.go:116.61,118.2 1 1
github.com/niconeoz/gopresentation/properties.go:138.42,144.2 1 1
github.com/niconeoz/gopresentation/properties.go:147.50,149.14 2 1
github.com/niconeoz/gopresentation/properties.go:150.23,152.18 2 0
github.com/niconeoz/gopresentation/properties.go:153.24,155.18 2 1
github.com/niconeoz/gopresentation/properties.go:156.25,158.18 2 0
github.com/niconeoz/gopresentation/properties.go:159.16,161.18 2 0
github.com/niconeoz/gopresentation/properties.go:162.20,164.18 2 0
github.com/niconeoz/gopresentation/properties.go:169.57,173.2 3 1
github.com/niconeoz/gopresentation/reader.go:26.51,27.16 1 1
github.com/niconeoz/gopresentation/reader.go:28.28,29.28 1 1
github.com/niconeoz/gopresentation/reader.go:30.10,31.66 1 1
github.com/niconeoz/gopresentation/reader.go:39.63,41.16 2 1
github.com/niconeoz/gopresentation/reader.go:41.16,43.3 1 1
github.com/niconeoz/gopresentation/reader.go:44.2,47.16 3 1
github.com/niconeoz/gopresentation/reader.go:47.16,49.3 1 0
github.com/niconeoz/gopresentation/reader.go:51.2,51.41 1 1
github.com/niconeoz/gopresentation/reader.go:55.92,57.16 2 1
github.com/niconeoz/gopresentation/reader.go:57.16,59.3 1 1
github.com/niconeoz/gopresentation/reader.go:61.2,70.55 2 1
github.com/niconeoz/gopresentation/reader.go:70.55,73.3 1 0
github.com/niconeoz/gopresentation/reader.go:76.2,77.16 2 1
github.com/niconeoz/gopresentation/reader.go:77.16,79.3 1 0
github.com/niconeoz/gopresentation/reader.go:82.2,83.16 2 1
github.com/niconeoz/gopresentation/reader.go:83.16,85.3 1 0
github.com/niconeoz/gopresentation/reader.go:88.2,88.34 1 1
github.com/niconeoz/gopresentation/reader.go:88.34,90.32 2 1
github.com/niconeoz/gopresentation/reader.go:90.32,91.23 1 1
github.com/niconeoz/gopresentation/reader.go:91.23,93.10 2 1
github.com/niconeoz/gopresentation/reader.go:96.3,96.19 1 1
github.com/niconeoz/gopresentation/reader.go:96.19,97.12 1 0
github.com/niconeoz/gopresentation/reader.go:101.3,101.41 1 1
github.com/niconeoz/gopresentation/reader.go:101.41,103.4 1 1
github.com/niconeoz/gopresentation/reader.go:105.3,106.17 2 1
github.com/niconeoz/gopresentation/reader.go:106.17,108.4 1 0
github.com/niconeoz/gopresentation/reader.go:109.3,109.43 1 1
github.com/niconeoz/gopresentation/reader.go:112.2,112.18 1 1
github.com/niconeoz/gopresentation/reader.go:115.67,116.28 1 1
github.com/niconeoz/gopresentation/reader.go:116.28,117.21 1 1
github.com/niconeoz/gopresentation/reader.go:117.21,119.18 2 1
github.com/niconeoz/gopresentation/reader.go:119.18,121.5 1 0
github.com/niconeoz/gopresentation/reader.go:122.4,123.25 2 1
github.com/niconeoz/gopresentation/reader.go:126.2,126.59 1 0
github.com/niconeoz/gopresentation/reader.go:143.94,145.16 2 1
github.com/niconeoz/gopresentation/reader.go:145.16,147.3 1 0
github.com/niconeoz/gopresentation/reader.go:149.2,150.51 2 1
github.com/niconeoz/gopresentation/reader.go:150.51,152.3 1 0
github.com/niconeoz/gopresentation/reader.go:153.2,153.32 1 1
github.com/niconeoz/gopresentation/reader_parts.go:14.83,16.16 2 1
github.com/niconeoz/gopresentation/reader_parts.go:16.16,18.3 1 0
github.com/niconeoz/gopresentation/reader_parts.go:20.2,24.6 4 1
github.com/niconeoz/gopresentation/reader_parts.go:24.6,26.17 2 1
github.com/niconeoz/gopresentation/reader_parts.go:26.17,27.9 1 1
github.com/niconeoz/gopresentation/reader_parts.go:30.3,30.28 1 1
github.com/niconeoz/gopresentation/reader_parts.go:31.25,32.33 1 1
github.com/niconeoz/gopresentation/reader_parts.go:33.21,35.18 2 1
github.com/niconeoz/gopresentation/reader_parts.go:35.18,36.13 1 1
github.com/niconeoz/gopresentation/reader_parts.go:38.4,38.26 1 1
github.com/niconeoz/gopresentation/reader_parts.go:39.19,40.25 1 1
github.com/niconeoz/gopresentation/reader_parts.go:41.26,42.32 1 1
github.com/niconeoz/gopresentation/reader_parts.go:43.17,44.23 1 1
github.com/niconeoz/gopresentation/reader_parts.go:45.23,46.29 1 1
github.com/niconeoz/gopresentation/reader_parts.go:47.19,48.25 1 1
github.com/niconeoz/gopresentation/reader_parts.go:49.20,50.26 1 1
github.com/niconeoz/gopresentation/reader_parts.go:51.20,52.26 1 1
github.com/niconeoz/gopresentation/reader_parts.go:53.20,54.26 1 1
github.com/niconeoz/gopresentation/reader_parts.go:55.19,56.71 1 1
github.com/niconeoz/gopresentation/reader_parts.go:56.71,58.6 1 1
github.com/niconeoz/gopresentation/reader_parts.go:59.20,60.71 1 1
github.com/niconeoz/gopresentation/reader_parts.go:60.71,62.6 1 1
github.com/niconeoz/gopresentation/reader_parts.go:66.2,66.12 1 1
github.com/niconeoz/gopresentation/reader_parts.go:106.93,108.16 2 1
github.com/niconeoz/gopresentation/reader_parts.go:108.16,110.3 1 0
github.com/niconeoz/gopresentation/reader_parts.go:113.2,116.6 3 1
github.com/niconeoz/gopresentation/reader_parts.go:116.6,118.17 2 1
github.com/niconeoz/gopresentation/reader_parts.go:118.17,119.9 1 1
github.com/niconeoz/gopresentation/reader_parts.go:122.3,122.28 1 1
github.com/niconeoz/gopresentation/reader_parts.go:123.25,124.24 1 1
github.com/niconeoz/gopresentation/reader_parts.go:125.17,126.33 1 1
github.com/niconeoz/gopresentation/reader_parts.go:126.33,127.29 1 1
github.com/niconeoz/gopresentation/reader_parts.go:128.16,129.69 1 1
github.com/niconeoz/gopresentation/reader_parts.go:129.69,131.8 1 1
github.com/niconeoz/gopresentation/reader_parts.go:132.16,133.69 1 1
github.com/niconeoz/gopresentation/reader_parts.go:133.69,135.8 1 1
github.com/niconeoz/gopresentation/reader_parts.go:136.18,137.36 1 1
github.com/niconeoz/gopresentation/reader_parts.go:140.17,141.33 1 1
github.com/niconeoz/gopresentation/reader_parts.go:141.33,142.58 1 1
github.com/niconeoz/gopresentation/reader_parts.go:142.58,144.7 1 1
github.com/niconeoz/gopresentation/reader_parts.go:144.12,144.65 1 1
github.com/niconeoz/gopresentation/reader_parts.go:144.66,146.7 0 1
github.com/niconeoz/gopresentation/reader_parts.go:153.2,153.27 1 1
github.com/niconeoz/gopresentation/reader_parts.go:153.27,155.17 2 0
github.com/niconeoz/gopresentation/reader_parts.go:155.17,156.29 1 0
github.com/niconeoz/gopresentation/reader_parts.go:156.29,157.33 1 0
github.com/niconeoz/gopresentation/reader_parts.go:157.33,159.6 1 0
github.com/niconeoz/gopresentation/reader_parts.go:164.2,164.25 1 1
github.com/niconeoz/gopresentation/reader_slide.go:10.97,12.16 2 1
github.com/niconeoz/gopresentation/reader_slide.go:12.16,14.3 1 0
github.com/niconeoz/gopresentation/reader_slide.go:16.2,23.77 5 1
github.com/niconeoz/gopresentation/reader_slide.go:23.77,25.3 1 0
github.com/niconeoz/gopresentation/reader_slide.go:28.2,33.19 3 1
github.com/niconeoz/gopresentation/reader_slide.go:36.110,37.27 1 1
github.com/niconeoz/gopresentation/reader_slide.go:37.27,38.33 1 1
github.com/niconeoz/gopresentation/reader_slide.go:38.33,40.42 2 1
github.com/niconeoz/gopresentation/reader_slide.go:40.42,43.5 2 1
github.com/niconeoz/gopresentation/reader_slide.go:44.4,45.18 2 1
github.com/niconeoz/gopresentation/reader_slide.go:45.18,46.13 1 0
github.com/niconeoz/gopresentation/reader_slide.go:48.4,48.35 1 1
github.com/niconeoz/gopresentation/reader_slide.go:53.66,58.6 4 1
github.com/niconeoz/gopresentation/reader_slide.go:58.6,60.17 2 1
github.com/niconeoz/gopresentation/reader_slide.go:60.17,61.9 1 1
github.com/niconeoz/gopresentation/reader_slide.go:63.3,63.28 1 1
github.com/niconeoz/gopresentation/reader_slide.go:64.25,65.24 1 1
github.com/niconeoz/gopresentation/reader_slide.go:66.14,68.33 2 1
github.com/niconeoz/gopresentation/reader_slide.go:68.33,69.29 1 1
github.com/niconeoz/gopresentation/reader_slide.go:70.22,71.57 1 1
github.com/niconeoz/gopresentation/reader_slide.go:71.57,73.8 1 1
github.com/niconeoz/gopresentation/reader_slide.go:76.15,77.30 1 1
github.com/niconeoz/gopresentation/reader_slide.go:77.30,78.34 1 1
github.com/niconeoz/gopresentation/reader_slide.go:78.34,79.30 1 1
github.com/niconeoz/gopresentation/reader_slide.go:80.16,81.58 1 1
github.com/niconeoz/gopresentation/reader_slide.go:81.58,83.9 1 1
github.com/niconeoz/gopresentation/reader_slide.go:84.16,85.58 1 1
github.com/niconeoz/gopresentation/reader_slide.go:85.58,87.9 1 1
github.com/niconeoz/gopresentation/reader_slide.go:91.16,92.30 1 1
github.com/niconeoz/gopresentation/reader_slide.go:92.30,94.6 1 1
github.com/niconeoz/gopresentation/reader_slide.go:96.21,97.39 1 1
github.com/niconeoz/gopresentation/reader_slide.go:97.39,99.5 1 1
github.com/niconeoz/gopresentation/reader_slide.go:100.23,101.24 1 1
github.com/niconeoz/gopresentation/reader_slide.go:102.14,103.30 1 1
github.com/niconeoz/gopresentation/reader_slide.go:103.30,106.6 2 1
github.com/niconeoz/gopresentation/reader_slide.go:107.16,108.19 1 1
github.com/niconeoz/gopresentation/reader_slide.go:114.107,115.27 1 1
github.com/niconeoz/gopresentation/reader_slide.go:115.27,116.36 1 1
github.com/niconeoz/gopresentation/reader_slide.go:116.36,118.42 2 1
github.com/niconeoz/gopresentation/reader_slide.go:118.42,121.5 2 1
github.com/niconeoz/gopresentation/reader_slide.go:122.4,123.18 2 1
github.com/niconeoz/gopresentation/reader_slide.go:123.18,124.13 1 0
github.com/niconeoz/gopresentation/reader_slide.go:126.4,126.39 1 1
github.com/niconeoz/gopresentation/reader_slide.go:131.56,139.6 7 1
github.com/niconeoz/gopresentation/reader_slide.go:139.6,141.17 2 1
github.com/niconeoz/gopresentation/reader_slide.go:141.17,142.9 1 1
github.com/niconeoz/gopresentation/reader_slide.go:144.3,144.28 1 1
github.com/niconeoz/gopresentation/reader_slide.go:145.25,146.24 1 1
github.com/niconeoz/gopresentation/reader_slide.go:147.18,148.18 1 1
github.com/niconeoz/gopresentation/reader_slide.go:149.13,150.15 1 1
github.com/niconeoz/gopresentation/reader_slide.go:150.15,152.6 1 1
github.com/niconeoz/gopresentation/reader_slide.go:153.13,154.20 1 1
github.com/niconeoz/gopresentation/reader_slide.go:154.20,156.6 1 1
github.com/niconeoz/gopresentation/reader_slide.go:157.13,158.14 1 1
github.com/niconeoz/gopresentation/reader_slide.go:158.14,160.6 1 1
github.com/niconeoz/gopresentation/reader_slide.go:162.21,163.14 1 1
github.com/niconeoz/gopresentation/reader_slide.go:163.14,165.5 1 1
github.com/niconeoz/gopresentation/reader_slide.go:166.23,167.24 1 1
github.com/niconeoz/gopresentation/reader_slide.go:168.18,169.19 1 1
github.com/niconeoz/gopresentation/reader_slide.go:170.13,171.24 1 1
github.com/niconeoz/gopresentation/reader_slide.go:172.13,173.18 1 1
github.com/niconeoz/gopresentation/reader_slide.go:174.13,175.19 1 1
github.com/niconeoz/gopresentation/reader_slide.go:179.2,179.32 1 1
github.com/niconeoz/gopresentation/reader_slide.go:182.134,234.6 16 1
github.com/niconeoz/gopresentation/reader_slide.go:234.6,236.17 2 1
github.com/niconeoz/gopresentation/reader_slide.go:236.17,237.9 1 1
github.com/niconeoz/gopresentation/reader_slide.go:240.3,240.28 1 1
github.com/niconeoz/gopresentation/reader_slide.go:241.25,242.24 1 1
github.com/niconeoz/gopresentation/reader_slide.go:243.14,244.22 1 1
github.com/niconeoz/gopresentation/reader_slide.go:245.16,246.19 1 1
github.com/niconeoz/gopresentation/reader_slide.go:246.19,248.6 1 1
github.com/niconeoz/gopresentation/reader_slide.go:249.18,250.26 1 1
github.com/niconeoz/gopresentation/reader_slide.go:251.17,252.23 1 1
github.com/niconeoz/gopresentation/reader_slide.go:252.23,253.23 1 1
github.com/niconeoz/gopresentation/reader_slide.go:253.23,255.7 1 0
github.com/niconeoz/gopresentation/reader_slide.go:255.12,261.7 5 1
github.com/niconeoz/gopresentation/reader_slide.go:263.14,264.40 1 1
github.com/niconeoz/gopresentation/reader_slide.go:264.40,274.6 9 1
github.com/niconeoz/gopresentation/reader_slide.go:275.15,276.40 1 1
github.com/niconeoz/gopresentation/reader_slide.go:276.40,282.6 5 1
github.com/niconeoz/gopresentation/reader_slide.go:283.17,284.40 1 1
github.com/niconeoz/gopresentation/reader_slide.go:284.40,289.6 4 1
github.com/niconeoz/gopresentation/reader_slide.go:290.24,291.23 1 1
github.com/niconeoz/gopresentation/reader_slide.go:291.23,295.6 3 1
github.com/niconeoz/gopresentation/reader_slide.go:296.15,297.29 1 1
github.com/niconeoz/gopresentation/reader_slide.go:297.29,302.6 4 1
github.com/niconeoz/gopresentation/reader_slide.go:303.19,304.43 1 1
github.com/niconeoz/gopresentation/reader_slide.go:304.43,306.6 1 1
github.com/niconeoz/gopresentation/reader_slide.go:307.14,308.43 1 1
github.com/niconeoz/gopresentation/reader_slide.go:308.43,314.6 5 1
github.com/niconeoz/gopresentation/reader_slide.go:315.14,316.42 1 1
github.com/niconeoz/gopresentation/reader_slide.go:316.42,321.74 5 1
github.com/niconeoz/gopresentation/reader_slide.go:321.74,323.7 1 1
github.com/niconeoz/gopresentation/reader_slide.go:325.75,326.26 1 1
github.com/niconeoz/gopresentation/reader_slide.go:327.17,328.23 1 1
github.com/niconeoz/gopresentation/reader_slide.go:328.23,329.34 1 1
github.com/niconeoz/gopresentation/reader_slide.go:329.34,330.30 1 1
github.com/niconeoz/gopresentation/reader_slide.go:331.19,332.30 1 1
github.com/niconeoz/gopresentation/reader_slide.go:333.20,334.31 1 1
github.com/niconeoz/gopresentation/reader_slide.go:338.14,339.37 1 1
github.com/niconeoz/gopresentation/reader_slide.go:339.37,341.34 2 1
github.com/niconeoz/gopresentation/reader_slide.go:341.34,342.30 1 1
github.com/niconeoz/gopresentation/reader_slide.go:343.19,344.33 1 1
github.com/niconeoz/gopresentation/reader_slide.go:345.18,346.58 1 1
github.com/niconeoz/gopresentation/reader_slide.go:346.58,348.9 1 1
github.com/niconeoz/gopresentation/reader_slide.go:352.18,353.19 1 1
github.com/niconeoz/gopresentation/reader_slide.go:353.19,355.29 2 1
github.com/niconeoz/gopresentation/reader_slide.go:355.29,356.36 1 1
github.com/niconeoz/gopresentation/reader_slide.go:356.36,360.8 3 1
github.com/niconeoz/gopresentation/reader_slide.go:361.12,362.33 1 1
github.com/niconeoz/gopresentation/reader_slide.go:362.33,365.8 2 1
github.com/niconeoz/gopresentation/reader_slide.go:367.11,367.26 1 1
github.com/niconeoz/gopresentation/reader_slide.go:367.26,369.6 1 1
github.com/niconeoz/gopresentation/reader_slide.go:370.13,371.25 1 1
github.com/niconeoz/gopresentation/reader_slide.go:371.25,376.65 3 1
github.com/niconeoz/gopresentation/reader_slide.go:376.65,379.7 2 1
github.com/niconeoz/gopresentation/reader_slide.go:380.11,380.30 1 1
github.com/niconeoz/gopresentation/reader_slide.go:380.30,383.58 3 1
github.com/niconeoz/gopresentation/reader_slide.go:383.58,385.7 1 1
github.com/niconeoz/gopresentation/reader_slide.go:385.12,385.39 1 1
github.com/niconeoz/gopresentation/reader_slide.go:385.39,387.7 1 1
github.com/niconeoz/gopresentation/reader_slide.go:389.15,390.78 1 1
github.com/niconeoz/gopresentation/reader_slide.go:390.78,392.34 2 1
github.com/niconeoz/gopresentation/reader_slide.go:392.34,393.36 1 1
github.com/niconeoz/gopresentation/reader_slide.go:393.36,395.8 1 1
github.com/niconeoz/gopresentation/reader_slide.go:398.18,399.47 1 0
github.com/niconeoz/gopresentation/reader_slide.go:399.47,403.6 3 0
github.com/niconeoz/gopresentation/reader_slide.go:404.18,405.47 1 1
github.com/niconeoz/gopresentation/reader_slide.go:405.47,406.40 1 1
github.com/niconeoz/gopresentation/reader_slide.go:406.40,408.7 1 0
github.com/niconeoz/gopresentation/reader_slide.go:409.6,410.34 2 1
github.com/niconeoz/gopresentation/reader_slide.go:410.34,411.36 1 1
github.com/niconeoz/gopresentation/reader_slide.go:411.36,413.8 1 1
github.com/niconeoz/gopresentation/reader_slide.go:416.21,417.47 1 1
github.com/niconeoz/gopresentation/reader_slide.go:417.47,418.40 1 1
github.com/niconeoz/gopresentation/reader_slide.go:418.40,420.7 1 1
github.com/niconeoz/gopresentation/reader_slide.go:421.6,422.34 2 1
github.com/niconeoz/gopresentation/reader_slide.go:422.34,423.30 1 1
github.com/niconeoz/gopresentation/reader_slide.go:424.19,425.54 1 1
github.com/niconeoz/gopresentation/reader_slide.go:426.22,427.58 1 1
github.com/niconeoz/gopresentation/reader_slide.go:427.58,429.9 1 1
github.com/niconeoz/gopresentation/reader_slide.go:433.18,434.47 1 1
github.com/niconeoz/gopresentation/reader_slide.go:434.47,435.40 1 1
github.com/niconeoz/gopresentation/reader_slide.go:435.40,437.7 1 0
github.com/niconeoz/gopresentation/reader_slide.go:438.6,438.34 1 1
github.com/niconeoz/gopresentation/reader_slide.go:438.34,439.40 1 1
github.com/niconeoz/gopresentation/reader_slide.go:439.40,441.8 1 1
github.com/niconeoz/gopresentation/reader_slide.go:444.19,445.47 1 1
github.com/niconeoz/gopresentation/reader_slide.go:445.47,446.40 1 1
github.com/niconeoz/gopresentation/reader_slide.go:446.40,448.7 1 0
github.com/niconeoz/gopresentation/reader_slide.go:449.6,449.34 1 1
github.com/niconeoz/gopresentation/reader_slide.go:449.34,450.35 1 1
github.com/niconeoz/gopresentation/reader_slide.go:450.35,451.58 1 1
github.com/niconeoz/gopresentation/reader_slide.go:451.58,453.9 1 1
github.com/niconeoz/gopresentation/reader_slide.go:457.17,459.47 1 1
github.com/niconeoz/gopresentation/reader_slide.go:459.47,460.40 1 1
github.com/niconeoz/gopresentation/reader_slide.go:460.40,462.7 1 1
github.com/niconeoz/gopresentation/reader_slide.go:463.6,463.26 1 1
github.com/niconeoz/gopresentation/reader_slide.go:465.18,465.18 0 0
github.com/niconeoz/gopresentation/reader_slide.go:467.18,467.18 0 0
github.com/niconeoz/gopresentation/reader_slide.go:469.13,470.28 1 1
github.com/niconeoz/gopresentation/reader_slide.go:470.28,473.6 2 1
github.com/niconeoz/gopresentation/reader_slide.go:473.11,473.33 1 1
github.com/niconeoz/gopresentation/reader_slide.go:473.33,476.6 2 1
github.com/niconeoz/gopresentation/reader_slide.go:477.15,478.37 1 1
github.com/niconeoz/gopresentation/reader_slide.go:478.37,480.34 2 1
github.com/niconeoz/gopresentation/reader_slide.go:480.34,481.30 1 1
github.com/niconeoz/gopresentation/reader_slide.go:482.17,483.58 1 1
github.com/niconeoz/gopresentation/reader_slide.go:483.58,485.9 1 1
github.com/niconeoz/gopresentation/reader_slide.go:486.16,487.44 1 1
github.com/niconeoz/gopresentation/reader_slide.go:488.16,489.46 1 1
github.com/niconeoz/gopresentation/reader_slide.go:490.16,491.57 1 0
github.com/niconeoz/gopresentation/reader_slide.go:492.21,493.61 1 0
github.com/niconeoz/gopresentation/reader_slide.go:497.21,498.25 1 1
github.com/niconeoz/gopresentation/reader_slide.go:498.25,500.6 1 1
github.com/niconeoz/gopresentation/reader_slide.go:500.11,500.28 1 1
github.com/niconeoz/gopresentation/reader_slide.go:500.28,502.6 1 1
github.com/niconeoz/gopresentation/reader_slide.go:503.19,504.68 1 1
github.com/niconeoz/gopresentation/reader_slide.go:504.68,505.34 1 1
github.com/niconeoz/gopresentation/reader_slide.go:505.34,506.35 1 1
github.com/niconeoz/gopresentation/reader_slide.go:506.35,508.8 1 1
github.com/niconeoz/gopresentation/reader_slide.go:510.11,510.35 1 1
github.com/niconeoz/gopresentation/reader_slide.go:510.35,511.34 1 1
github.com/niconeoz/gopresentation/reader_slide.go:511.34,512.35 1 1
github.com/niconeoz/gopresentation/reader_slide.go:512.35,513.35 1 1
github.com/niconeoz/gopresentation/reader_slide.go:513.35,515.9 1 1
github.com/niconeoz/gopresentation/reader_slide.go:516.8,516.62 1 1
github.com/niconeoz/gopresentation/reader_slide.go:519.11,519.90 1 1
github.com/niconeoz/gopresentation/reader_slide.go:519.90,521.34 1 1
github.com/niconeoz/gopresentation/reader_slide.go:521.34,522.35 1 1
github.com/niconeoz/gopresentation/reader_slide.go:522.35,525.8 2 1
github.com/niconeoz/gopresentation/reader_slide.go:528.17,529.47 1 1
github.com/niconeoz/gopresentation/reader_slide.go:529.47,530.34 1 1
github.com/niconeoz/gopresentation/reader_slide.go:530.34,531.40 1 1
github.com/niconeoz/gopresentation/reader_slide.go:531.40,533.8 1 1
github.com/niconeoz/gopresentation/reader_slide.go:536.13,537.22 1 1
github.com/niconeoz/gopresentation/reader_slide.go:537.22,539.6 1 1
github.com/niconeoz/gopresentation/reader_slide.go:539.11,539.27 1 1
github.com/niconeoz/gopresentation/reader_slide.go:539.27,541.6 1 1
github.com/niconeoz/gopresentation/reader_slide.go:542.14,543.53 1 0
github.com/niconeoz/gopresentation/reader_slide.go:543.53,545.6 1 0
github.com/niconeoz/gopresentation/reader_slide.go:546.15,547.33 1 1
github.com/niconeoz/gopresentation/reader_slide.go:547.33,548.29 1 1
github.com/niconeoz/gopresentation/reader_slide.go:549.15,550.69 1 1
github.com/niconeoz/gopresentation/reader_slide.go:550.69,552.8 1 1
github.com/niconeoz/gopresentation/reader_slide.go:553.15,554.69 1 1
github.com/niconeoz/gopresentation/reader_slide.go:554.69,556.8 1 1
github.com/niconeoz/gopresentation/reader_slide.go:559.15,560.33 1 1
github.com/niconeoz/gopresentation/reader_slide.go:560.33,561.29 1 1
github.com/niconeoz/gopresentation/reader_slide.go:562.16,563.69 1 1
github.com/niconeoz/gopresentation/reader_slide.go:563.69,565.8 1 1
github.com/niconeoz/gopresentation/reader_slide.go:566.16,567.69 1 1
github.com/niconeoz/gopresentation/reader_slide.go:567.69,569.8 1 1
github.com/niconeoz/gopresentation/reader_slide.go:572.16,573.20 1 1
github.com/niconeoz/gopresentation/reader_slide.go:573.20,574.34 1 1
github.com/niconeoz/gopresentation/reader_slide.go:574.34,575.37 1 1
github.com/niconeoz/gopresentation/reader_slide.go:575.37,576.33 1 1
github.com/niconeoz/gopresentation/reader_slide.go:576.33,577.33 1 1
github.com/niconeoz/gopresentation/reader_slide.go:577.33,579.49 2 1
github.com/niconeoz/gopresentation/reader_slide.go:579.49,582.11 2 1
github.com/niconeoz/gopresentation/reader_slide.go:583.10,584.24 2 1
github.com/niconeoz/gopresentation/reader_slide.go:584.24,587.11 2 1
github.com/niconeoz/gopresentation/reader_slide.go:588.10,588.15 1 1
github.com/niconeoz/gopresentation/reader_slide.go:594.14,595.44 1 1
github.com/niconeoz/gopresentation/reader_slide.go:595.44,596.34 1 1
github.com/niconeoz/gopresentation/reader_slide.go:596.34,597.33 1 1
github.com/niconeoz/gopresentation/reader_slide.go:597.33,598.58 1 1
github.com/niconeoz/gopresentation/reader_slide.go:598.58,600.9 1 1
github.com/niconeoz/gopresentation/reader_slide.go:606.21,608.49 2 1
github.com/niconeoz/gopresentation/reader_slide.go:608.49,610.27 2 1
github.com/niconeoz/gopresentation/reader_slide.go:610.27,612.6 1 1
github.com/niconeoz/gopresentation/reader_slide.go:613.10,613.54 1 1
github.com/niconeoz/gopresentation/reader_slide.go:613.54,615.27 2 1
github.com/niconeoz/gopresentation/reader_slide.go:615.27,617.6 1 1
github.com/niconeoz/gopresentation/reader_slide.go:620.23,621.24 1 1
github.com/niconeoz/gopresentation/reader_slide.go:622.14,623.23 1 1
github.com/niconeoz/gopresentation/reader_slide.go:624.16,626.32 2 1
github.com/niconeoz/gopresentation/reader_slide.go:627.18,628.27 1 1
github.com/niconeoz/gopresentation/reader_slide.go:629.17,630.22 1 1
github.com/niconeoz/gopresentation/reader_slide.go:630.22,632.23 2 1
github.com/niconeoz/gopresentation/reader_slide.go:632.23,634.30 2 1
github.com/niconeoz/gopresentation/reader_slide.go:634.30,641.8 6 1
github.com/niconeoz/gopresentation/reader_slide.go:642.7,642.25 1 1
github.com/niconeoz/gopresentation/reader_slide.go:645.14,646.19 1 1
github.com/niconeoz/gopresentation/reader_slide.go:646.19,648.58 2 1
github.com/niconeoz/gopresentation/reader_slide.go:648.58,655.47 7 1
github.com/niconeoz/gopresentation/reader_slide.go:655.47,657.8 1 0
github.com/niconeoz/gopresentation/reader_slide.go:657.13,659.8 1 1
github.com/niconeoz/gopresentation/reader_slide.go:660.7,660.31 1 1
github.com/niconeoz/gopresentation/reader_slide.go:661.12,661.39 1 1
github.com/niconeoz/gopresentation/reader_slide.go:661.39,668.47 7 1
github.com/niconeoz/gopresentation/reader_slide.go:668.47,670.8 1 1
github.com/niconeoz/gopresentation/reader_slide.go:670.13,672.8 1 1
github.com/niconeoz/gopresentation/reader_slide.go:674.6,675.33 2 1
github.com/niconeoz/gopresentation/reader_slide.go:677.15,678.20 1 1
github.com/niconeoz/gopresentation/reader_slide.go:678.20,680.31 2 1
github.com/niconeoz/gopresentation/reader_slide.go:680.31,687.47 7 1
github.com/niconeoz/gopresentation/reader_slide.go:687.47,689.8 1 0
github.com/niconeoz/gopresentation/reader_slide.go:689.13,691.8 1 1
github.com/niconeoz/gopresentation/reader_slide.go:693.6,693.26 1 1
github.com/niconeoz/gopresentation/reader_slide.go:695.17,696.22 1 1
github.com/niconeoz/gopresentation/reader_slide.go:696.22,698.28 2 1
github.com/niconeoz/gopresentation/reader_slide.go:698.28,704.47 6 1
github.com/niconeoz/gopresentation/reader_slide.go:704.47,706.8 1 1
github.com/niconeoz/gopresentation/reader_slide.go:706.13,708.8 1 1
github.com/niconeoz/gopresentation/reader_slide.go:710.6,710.23 1 1
github.com/niconeoz/gopresentation/reader_slide.go:712.24,713.29 1 1
github.com/niconeoz/gopresentation/reader_slide.go:713.29,715.29 2 1
github.com/niconeoz/gopresentation/reader_slide.go:715.29,722.7 6 1
github.com/niconeoz/gopresentation/reader_slide.go:723.6,723.24 1 1
github.com/niconeoz/gopresentation/reader_slide.go:725.15,726.24 1 1
github.com/niconeoz/gopresentation/reader_slide.go:727.14,728.23 1 1
github.com/niconeoz/gopresentation/reader_slide.go:729.14,731.29 2 1
github.com/niconeoz/gopresentation/reader_slide.go:732.18,733.19 1 1
github.com/niconeoz/gopresentation/reader_slide.go:733.19,735.6 1 1
github.com/niconeoz/gopresentation/reader_slide.go:735.11,737.6 1 1
github.com/niconeoz/gopresentation/reader_slide.go:738.13,739.28 1 1
github.com/niconeoz/gopresentation/reader_slide.go:739.28,741.6 1 1
github.com/niconeoz/gopresentation/reader_slide.go:741.11,743.6 1 1
github.com/niconeoz/gopresentation/reader_slide.go:744.5,744.27 1 1
github.com/niconeoz/gopresentation/reader_slide.go:745.15,746.24 1 1
github.com/niconeoz/gopresentation/reader_slide.go:747.13,748.22 1 1
github.com/niconeoz/gopresentation/reader_slide.go:748.22,750.6 1 1
github.com/niconeoz/gopresentation/reader_slide.go:750.11,752.6 1 1
github.com/niconeoz/gopresentation/reader_slide.go:753.5,753.22 1 1
github.com/niconeoz/gopresentation/reader_slide.go:754.15,756.30 2 1
github.com/niconeoz/gopresentation/reader_slide.go:757.21,759.32 2 1
github.com/niconeoz/gopresentation/reader_slide.go:760.17,761.26 1 1
github.com/niconeoz/gopresentation/reader_slide.go:762.13,764.27 2 1
github.com/niconeoz/gopresentation/reader_slide.go:765.75,766.27 1 1
github.com/niconeoz/gopresentation/reader_slide.go:771.2,771.12 1 1
github.com/niconeoz/gopresentation/reader_slide.go:774.44,777.2 2 1
github.com/niconeoz/gopresentation/reader_slide.go:779.51,780.33 1 1
github.com/niconeoz/gopresentation/reader_slide.go:780.33,782.3 1 1
github.com/niconeoz/gopresentation/reader_slide.go:784.2,790.32 5 1
github.com/niconeoz/gopresentation/reader_slide.go:790.32,791.19 1 1
github.com/niconeoz/gopresentation/reader_slide.go:791.19,792.23 1 1
github.com/niconeoz/gopresentation/reader_slide.go:792.23,794.5 1 1
github.com/niconeoz/gopresentation/reader_slide.go:795.9,795.25 1 1
github.com/niconeoz/gopresentation/reader_slide.go:795.25,797.4 1 1
github.com/niconeoz/gopresentation/reader_slide.go:800.2,800.34 1 1
github.com/niconeoz/gopresentation/reader_slide.go:803.40,805.9 2 1
github.com/niconeoz/gopresentation/reader_slide.go:806.40,807.21 1 1
github.com/niconeoz/gopresentation/reader_slide.go:808.75,809.22 1 1
github.com/niconeoz/gopresentation/reader_slide.go:810.40,811.21 1 1
github.com/niconeoz/gopresentation/reader_slide.go:812.40,813.21 1 1
github.com/niconeoz/gopresentation/reader_slide.go:814.40,815.25 1 1
github.com/niconeoz/gopresentation/reader_slide.go:816.10,817.21 1 1
github.com/niconeoz/gopresentation/shape.go:41.42,41.62 1 1
github.com/niconeoz/gopresentation/shape.go:42.42,42.62 1 1
github.com/niconeoz/gopresentation/shape.go:43.42,43.60 1 1
github.com/niconeoz/gopresentation/shape.go:44.42,44.61 1 1
github.com/niconeoz/gopresentation/shape.go:45.42,45.59 1 1
github.com/niconeoz/gopresentation/shape.go:46.42,46.63 1 1
github.com/niconeoz/gopresentation/shape.go:48.53,48.80 2 1
github.com/niconeoz/gopresentation/shape.go:49.53,49.80 2 1
github.com/niconeoz/gopresentation/shape.go:50.54,50.79 2 1
github.com/niconeoz/gopresentation/shape.go:51.54,51.80 2 1
github.com/niconeoz/gopresentation/shape.go:52.54,52.78 2 1
github.com/niconeoz/gopresentation/shape.go:53.54,53.82 2 1
github.com/niconeoz/gopresentation/shape.go:55.54,55.78 1 1
github.com/niconeoz/gopresentation/shape.go:56.54,56.75 1 1
github.com/niconeoz/gopresentation/shape.go:58.37,59.19 1 1
github.com/niconeoz/gopresentation/shape.go:59.19,61.3 1 1
github.com/niconeoz/gopresentation/shape.go:62.2,62.15 1 1
github.com/niconeoz/gopresentation/shape.go:65.38,65.52 1 0
github.com/niconeoz/gopresentation/shape.go:67.41,68.21 1 1
github.com/niconeoz/gopresentation/shape.go:68.21,70.3 1 1
github.com/niconeoz/gopresentation/shape.go:71.2,71.17 1 1
github.com/niconeoz/gopresentation/shape.go:74.47,74.68 1 0
github.com/niconeoz/gopresentation/shape.go:76.41,77.21 1 1
github.com/niconeoz/gopresentation/shape.go:77.21,79.3 1 1
github.com/niconeoz/gopresentation/shape.go:80.2,80.17 1 1
github.com/niconeoz/gopresentation/shape.go:83.42,83.58 1 0
github.com/niconeoz/gopresentation/shape.go:85.47,85.69 1 1
github.com/niconeoz/gopresentation/shape.go:86.48,86.67 1 1
github.com/niconeoz/gopresentation/shape.go:109.45,109.73 1 1
github.com/niconeoz/gopresentation/shape.go:112.40,119.2 2 1
github.com/niconeoz/gopresentation/shape.go:122.59,125.2 2 1
github.com/niconeoz/gopresentation/shape.go:128.58,131.2 2 1
github.com/niconeoz/gopresentation/shape.go:134.60,137.2 2 1
github.com/niconeoz/gopresentation/shape.go:140.60,143.2 2 1
github.com/niconeoz/gopresentation/shape.go:146.57,147.28 1 1
github.com/niconeoz/gopresentation/shape.go:147.28,149.3 1 0
github.com/niconeoz/gopresentation/shape.go:150.2,150.40 1 1
github.com/niconeoz/gopresentation/shape.go:154.54,159.2 4 1
github.com/niconeoz/gopresentation/shape.go:162.54,164.2 1 1
github.com/niconeoz/gopresentation/shape.go:167.61,169.2 1 1
github.com/niconeoz/gopresentation/shape.go:172.53,174.2 1 1
github.com/niconeoz/gopresentation/shape.go:177.53,179.2 1 1
github.com/niconeoz/gopresentation/shape.go:182.50,184.2 1 1
github.com/niconeoz/gopresentation/shape.go:187.48,189.2 1 1
github.com/niconeoz/gopresentation/shape.go:192.44,194.2 1 1
github.com/niconeoz/gopresentation/shape.go:197.46,199.2 1 1
github.com/niconeoz/gopresentation/shape.go:202.42,204.2 1 1
github.com/niconeoz/gopresentation/shape.go:222.32,227.2 1 1
github.com/niconeoz/gopresentation/shape.go:230.47,232.2 1 1
github.com/niconeoz/gopresentation/shape.go:235.48,237.2 1 0
github.com/niconeoz/gopresentation/shape.go:240.41,242.2 1 1
github.com/niconeoz/gopresentation/shape.go:245.42,247.2 1 1
github.com/niconeoz/gopresentation/shape.go:250.42,252.2 1 1
github.com/niconeoz/gopresentation/shape.go:255.49,257.2 1 1
github.com/niconeoz/gopresentation/shape.go:260.54,262.2 1 1
github.com/niconeoz/gopresentation/shape.go:265.42,265.66 1 1
github.com/niconeoz/gopresentation/shape.go:268.43,268.64 1 1
github.com/niconeoz/gopresentation/shape.go:271.41,271.64 1 1
github.com/niconeoz/gopresentation/shape.go:274.42,274.62 1 1
github.com/niconeoz/gopresentation/shape.go:277.57,284.2 3 1
github.com/niconeoz/gopresentation/shape.go:287.49,291.2 3 1
github.com/niconeoz/gopresentation/shape.go:300.44,300.64 1 1
github.com/niconeoz/gopresentation/shape.go:303.37,303.55 1 1
github.com/niconeoz/gopresentation/shape.go:306.41,306.59 1 1
github.com/niconeoz/gopresentation/shape.go:309.36,309.54 1 1
github.com/niconeoz/gopresentation/shape.go:312.37,312.52 1 1
github.com/niconeoz/gopresentation/shape.go:315.46,315.69 1 1
github.com/niconeoz/gopresentation/shape.go:318.47,318.67 1 1
github.com/niconeoz/gopresentation/shape.go:323.49,323.67 1 1
github.com/niconeoz/gopresentation/shape.go:334.44,334.71 1 1
github.com/niconeoz/gopresentation/shape.go:337.38,341.2 1 1
github.com/niconeoz/gopresentation/shape.go:344.59,347.2 2 1
github.com/niconeoz/gopresentation/shape.go:350.41,350.58 1 1
github.com/niconeoz/gopresentation/shape.go:353.81,357.2 3 1
github.com/niconeoz/gopresentation/shape.go:360.46,360.63 1 1
github.com/niconeoz/gopresentation/shape.go:363.45,363.66 1 1
github.com/niconeoz/gopresentation/shape.go:366.57,369.2 2 1
github.com/niconeoz/gopresentation/shape.go:372.56,375.2 2 1
github.com/niconeoz/gopresentation/shape.go:378.58,381.2 2 1
github.com/niconeoz/gopresentation/shape.go:384.58,387.2 2 1
github.com/niconeoz/gopresentation/shape.go:419.41,419.70 1 1
github.com/niconeoz/gopresentation/shape.go:422.32,426.2 1 1
github.com/niconeoz/gopresentation/shape.go:429.66,432.2 2 1
github.com/niconeoz/gopresentation/shape.go:435.54,437.2 1 1
github.com/niconeoz/gopresentation/shape.go:440.53,443.2 2 1
github.com/niconeoz/gopresentation/shape.go:446.38,448.2 1 1
github.com/niconeoz/gopresentation/shape.go:458.41,458.65 1 1
github.com/niconeoz/gopresentation/shape.go:461.32,467.2 1 1
github.com/niconeoz/gopresentation/shape.go:470.60,473.2 2 1
github.com/niconeoz/gopresentation/shape.go:476.48,476.70 1 1
github.com/niconeoz/gopresentation/shape.go:479.52,482.2 2 1
github.com/niconeoz/gopresentation/shape.go:485.40,485.62 1 1
github.com/niconeoz/gopresentation/shape.go:488.54,491.2 2 1
github.com/niconeoz/gopresentation/shape.go:494.42,494.64 1 1
github.com/niconeoz/gopresentation/shape.go:504.42,504.67 1 1
github.com/niconeoz/gopresentation/shape.go:507.48,513.28 2 1
github.com/niconeoz/gopresentation/shape.go:513.28,515.29 2 1
github.com/niconeoz/gopresentation/shape.go:515.29,517.4 1 1
github.com/niconeoz/gopresentation/shape.go:519.2,519.14 1 1
github.com/niconeoz/gopresentation/shape.go:523.55,524.64 1 1
github.com/niconeoz/gopresentation/shape.go:524.64,526.3 1 1
github.com/niconeoz/gopresentation/shape.go:527.2,527.25 1 1
github.com/niconeoz/gopresentation/shape.go:531.47,533.2 1 1
github.com/niconeoz/gopresentation/shape.go:536.39,536.59 1 1
github.com/niconeoz/gopresentation/shape.go:539.39,539.59 1 1
github.com/niconeoz/gopresentation/shape.go:542.53,545.2 2 1
github.com/niconeoz/gopresentation/shape.go:548.52,551.2 2 1
github.com/niconeoz/gopresentation/shape.go:571.32,584.2 1 1
github.com/niconeoz/gopresentation/shape.go:587.54,588.29 1 1
github.com/niconeoz/gopresentation/shape.go:588.29,590.3 1 0
github.com/niconeoz/gopresentation/shape.go:591.2,592.11 2 1
github.com/niconeoz/gopresentation/shape.go:596.51,598.2 1 1
github.com/niconeoz/gopresentation/shape.go:601.38,601.56 1 1
github.com/niconeoz/gopresentation/shape.go:604.39,604.54 1 1
github.com/niconeoz/gopresentation/shape.go:607.48,607.68 1 1
github.com/niconeoz/gopresentation/shape.go:610.43,610.64 1 1
github.com/niconeoz/gopresentation/shape.go:613.39,613.60 1 1
github.com/niconeoz/gopresentation/shape.go:616.43,616.64 1 1
github.com/niconeoz/gopresentation/shape.go:619.39,619.60 1 1
github.com/niconeoz/gopresentation/slide.go:48.24,55.2 1 1
github.com/niconeoz/gopresentation/slide.go:58.34,60.2 1 1
github.com/niconeoz/gopresentation/slide.go:63.38,65.2 1 1
github.com/niconeoz/gopresentation/slide.go:68.35,70.2 1 1
github.com/niconeoz/gopresentation/slide.go:73.40,75.2 1 1
github.com/niconeoz/gopresentation/slide.go:78.34,80.2 1 1
github.com/niconeoz/gopresentation/slide.go:83.42,85.2 1 1
github.com/niconeoz/gopresentation/slide.go:88.45,90.2 1 1
github.com/niconeoz/gopresentation/slide.go:93.46,95.2 1 1
github.com/niconeoz/gopresentation/slide.go:98.37,100.2 1 1
github.com/niconeoz/gopresentation/slide.go:103.39,105.2 1 1
github.com/niconeoz/gopresentation/slide.go:108.46,109.41 1 1
github.com/niconeoz/gopresentation/slide.go:109.41,111.3 1 1
github.com/niconeoz/gopresentation/slide.go:112.2,113.12 2 1
github.com/niconeoz/gopresentation/slide.go:117.54,121.2 3 1
github.com/niconeoz/gopresentation/slide.go:124.52,128.2 3 1
github.com/niconeoz/gopresentation/slide.go:131.62,135.2 3 1
github.com/niconeoz/gopresentation/slide.go:138.46,142.2 3 1
github.com/niconeoz/gopresentation/slide.go:145.46,149.2 3 1
github.com/niconeoz/gopresentation/slide.go:152.48,156.2 3 1
github.com/niconeoz/gopresentation/slide.go:159.48,163.2 3 1
github.com/niconeoz/gopresentation/slide.go:166.82,170.2 3 1
github.com/niconeoz/gopresentation/slide.go:175.40,177.2 1 1
github.com/niconeoz/gopresentation/slide.go:180.42,182.2 1 1
github.com/niconeoz/gopresentation/slide.go:185.39,187.2 1 1
github.com/niconeoz/gopresentation/slide.go:192.44,194.2 1 1
github.com/niconeoz/gopresentation/slide.go:197.46,199.2 1 1
github.com/niconeoz/gopresentation/slide.go:204.40,206.2 1 1
github.com/niconeoz/gopresentation/slide.go:209.39,211.2 1 1
github.com/niconeoz/gopresentation/style.go:24.34,26.20 2 1
github.com/niconeoz/gopresentation/style.go:26.20,28.3 1 1
github.com/niconeoz/gopresentation/style.go:29.2,29.43 1 1
github.com/niconeoz/gopresentation/style.go:33.31,37.2 3 1
github.com/niconeoz/gopresentation/style.go:40.33,44.2 3 1
github.com/niconeoz/gopresentation/style.go:47.32,51.2 3 1
github.com/niconeoz/gopresentation/style.go:54.33,58.2 3 1
github.com/niconeoz/gopresentation/style.go:86.22,95.2 1 1
github.com/niconeoz/gopresentation/style.go:98.41,101.2 2 1
github.com/niconeoz/gopresentation/style.go:104.45,107.2 2 1
github.com/niconeoz/gopresentation/style.go:110.40,113.2 2 1
github.com/niconeoz/gopresentation/style.go:116.44,119.2 2 1
github.com/niconeoz/gopresentation/style.go:122.43,125.2 2 1
github.com/niconeoz/gopresentation/style.go:128.52,131.2 2 1
github.com/niconeoz/gopresentation/style.go:134.47,137.2 2 1
github.com/niconeoz/gopresentation/style.go:172.32,177.2 1 1
github.com/niconeoz/gopresentation/style.go:180.69,183.2 2 1
github.com/niconeoz/gopresentation/style.go:186.65,189.2 2 1
github.com/niconeoz/gopresentation/style.go:210.22,212.2 1 1
github.com/niconeoz/gopresentation/style.go:215.44,219.2 3 1
github.com/niconeoz/gopresentation/style.go:222.82,228.2 5 1
github.com/niconeoz/gopresentation/style.go:248.26,250.2 1 1
github.com/niconeoz/gopresentation/style.go:263.26,271.2 1 1
github.com/niconeoz/gopresentation/style.go:274.45,277.2 2 1
github.com/niconeoz/gopresentation/style.go:280.46,283.2 2 1
github.com/niconeoz/gopresentation/style.go:286.45,289.2 2 1
github.com/niconeoz/gopresentation/style.go:300.42,302.2 1 1
github.com/niconeoz/gopresentation/style.go:305.55,310.2 1 1
github.com/niconeoz/gopresentation/writer.go:25.68,26.16 1 1
github.com/niconeoz/gopresentation/writer.go:27.28,28.43 1 1
github.com/niconeoz/gopresentation/writer.go:29.10,30.66 1 1
github.com/niconeoz/gopresentation/writer.go:40.41,43.2 2 0
github.com/niconeoz/gopresentation/writer.go:46.46,48.29 2 1
github.com/niconeoz/gopresentation/writer.go:48.29,49.48 1 0
github.com/niconeoz/gopresentation/writer.go:49.48,51.4 1 0
github.com/niconeoz/gopresentation/writer.go:53.2,54.16 2 1
github.com/niconeoz/gopresentation/writer.go:54.16,56.3 1 0
github.com/niconeoz/gopresentation/writer.go:57.2,58.21 2 1
github.com/niconeoz/gopresentation/writer.go:62.54,69.48 4 1
github.com/niconeoz/gopresentation/writer.go:69.48,71.3 1 0
github.com/niconeoz/gopresentation/writer.go:74.2,74.44 1 1
github.com/niconeoz/gopresentation/writer.go:74.44,76.3 1 0
github.com/niconeoz/gopresentation/writer.go:79.2,79.49 1 1
github.com/niconeoz/gopresentation/writer.go:79.49,81.3 1 0
github.com/niconeoz/gopresentation/writer.go:84.2,84.50 1 1
github.com/niconeoz/gopresentation/writer.go:84.50,86.3 1 0
github.com/niconeoz/gopresentation/writer.go:89.2,89.48 1 1
github.com/niconeoz/gopresentation/writer.go:89.48,91.3 1 0
github.com/niconeoz/gopresentation/writer.go:94.2,94.52 1 1
github.com/niconeoz/gopresentation/writer.go:94.52,96.3 1 0
github.com/niconeoz/gopresentation/writer.go:99.2,99.45 1 1
github.com/niconeoz/gopresentation/writer.go:99.45,101.3 1 0
github.com/niconeoz/gopresentation/writer.go:104.2,104.45 1 1
github.com/niconeoz/gopresentation/writer.go:104.45,106.3 1 0
github.com/niconeoz/gopresentation/writer.go:109.2,109.47 1 1
github.com/niconeoz/gopresentation/writer.go:109.47,111.3 1 0
github.com/niconeoz/gopresentation/writer.go:114.2,114.47 1 1
github.com/niconeoz/gopresentation/writer.go:114.47,116.3 1 0
github.com/niconeoz/gopresentation/writer.go:118.2,118.47 1 1
github.com/niconeoz/gopresentation/writer.go:118.47,120.3 1 0
github.com/niconeoz/gopresentation/writer.go:123.2,123.41 1 1
github.com/niconeoz/gopresentation/writer.go:123.41,125.3 1 0
github.com/niconeoz/gopresentation/writer.go:128.2,128.46 1 1
github.com/niconeoz/gopresentation/writer.go:128.46,129.54 1 1
github.com/niconeoz/gopresentation/writer.go:129.54,131.4 1 0
github.com/niconeoz/gopresentation/writer.go:132.3,132.58 1 1
github.com/niconeoz/gopresentation/writer.go:132.58,134.4 1 0
github.com/niconeoz/gopresentation/writer.go:138.2,138.41 1 1
github.com/niconeoz/gopresentation/writer.go:138.41,140.3 1 0
github.com/niconeoz/gopresentation/writer.go:143.2,144.46 2 1
github.com/niconeoz/gopresentation/writer.go:144.46,145.38 1 1
github.com/niconeoz/gopresentation/writer.go:145.38,146.41 1 1
github.com/niconeoz/gopresentation/writer.go:146.41,147.62 1 1
github.com/niconeoz/gopresentation/writer.go:147.62,149.6 1 0
github.com/niconeoz/gopresentation/writer.go:150.5,150.15 1 1
github.com/niconeoz/gopresentation/writer.go:156.2,156.21 1 1
github.com/niconeoz/gopresentation/writer.go:156.21,157.51 1 1
github.com/niconeoz/gopresentation/writer.go:157.51,159.4 1 0
github.com/niconeoz/gopresentation/writer.go:160.3,160.47 1 1
github.com/niconeoz/gopresentation/writer.go:160.47,161.63 1 1
github.com/niconeoz/gopresentation/writer.go:161.63,163.5 1 0
github.com/niconeoz/gopresentation/writer.go:168.2,168.46 1 1
github.com/niconeoz/gopresentation/writer.go:168.46,169.24 1 1
github.com/niconeoz/gopresentation/writer.go:169.24,170.60 1 1
github.com/niconeoz/gopresentation/writer.go:170.60,172.5 1 0
github.com/niconeoz/gopresentation/writer.go:176.2,176.12 1 1
github.com/niconeoz/gopresentation/writer_chart.go:10.50,11.24 1 1
github.com/niconeoz/gopresentation/writer_chart.go:12.17,13.18 1 1
github.com/niconeoz/gopresentation/writer_chart.go:14.19,15.18 1 0
github.com/niconeoz/gopresentation/writer_chart.go:16.18,17.18 1 1
github.com/niconeoz/gopresentation/writer_chart.go:18.18,19.18 1 1
github.com/niconeoz/gopresentation/writer_chart.go:20.17,21.18 1 1
github.com/niconeoz/gopresentation/writer_chart.go:22.19,23.18 1 0
github.com/niconeoz/gopresentation/writer_chart.go:24.22,25.18 1 1
github.com/niconeoz/gopresentation/writer_chart.go:26.21,27.18 1 1
github.com/niconeoz/gopresentation/writer_chart.go:28.19,29.18 1 1
github.com/niconeoz/gopresentation/writer_chart.go:30.10,31.13 1 0
github.com/niconeoz/gopresentation/writer_chart.go:36.52,37.22 1 1
github.com/niconeoz/gopresentation/writer_chart.go:37.22,39.3 1 0
github.com/niconeoz/gopresentation/writer_chart.go:40.2,40.29 1 1
github.com/niconeoz/gopresentation/writer_chart.go:43.92,45.15 2 1
github.com/niconeoz/gopresentation/writer_chart.go:45.15,47.3 1 0
github.com/niconeoz/gopresentation/writer_chart.go:49.2,55.24 5 1
github.com/niconeoz/gopresentation/writer_chart.go:56.17,57.62 1 1
github.com/niconeoz/gopresentation/writer_chart.go:58.19,59.64 1 0
github.com/niconeoz/gopresentation/writer_chart.go:60.18,61.63 1 1
github.com/niconeoz/gopresentation/writer_chart.go:62.18,63.63 1 1
github.com/niconeoz/gopresentation/writer_chart.go:64.17,65.62 1 1
github.com/niconeoz/gopresentation/writer_chart.go:66.19,67.64 1 0
github.com/niconeoz/gopresentation/writer_chart.go:68.22,69.67 1 1
github.com/niconeoz/gopresentation/writer_chart.go:70.21,71.66 1 1
github.com/niconeoz/gopresentation/writer_chart.go:72.19,73.64 1 1
github.com/niconeoz/gopresentation/writer_chart.go:75.2,79.51 3 1
github.com/niconeoz/gopresentation/writer_chart.go:79.51,96.3 1 1
github.com/niconeoz/gopresentation/writer_chart.go:96.8,96.33 1 1
github.com/niconeoz/gopresentation/writer_chart.go:96.33,99.3 1 0
github.com/niconeoz/gopresentation/writer_chart.go:102.2,103.26 2 1
github.com/niconeoz/gopresentation/writer_chart.go:103.26,109.3 1 1
github.com/niconeoz/gopresentation/writer_chart.go:112.2,113.20 2 1
github.com/niconeoz/gopresentation/writer_chart.go:113.20,115.3 1 1
github.com/niconeoz/gopresentation/writer_chart.go:117.2,133.87 2 1
github.com/niconeoz/gopresentation/writer_chart.go:136.31,137.7 1 1
github.com/niconeoz/gopresentation/writer_chart.go:137.7,139.3 1 0
github.com/niconeoz/gopresentation/writer_chart.go:140.2,140.12 1 1
github.com/niconeoz/gopresentation/writer_chart.go:143.35,144.19 1 1
github.com/niconeoz/gopresentation/writer_chart.go:145.46,146.14 1 1
github.com/niconeoz/gopresentation/writer_chart.go:148.2,148.14 1 1
github.com/niconeoz/gopresentation/writer_chart.go:151.61,165.21 4 1
github.com/niconeoz/gopresentation/writer_chart.go:165.21,168.3 1 1
github.com/niconeoz/gopresentation/writer_chart.go:169.2,169.31 1 1
github.com/niconeoz/gopresentation/writer_chart.go:169.31,171.3 1 0
github.com/niconeoz/gopresentation/writer_chart.go:172.2,179.26 3 1
github.com/niconeoz/gopresentation/writer_chart.go:179.26,182.3 1 1
github.com/niconeoz/gopresentation/writer_chart.go:183.2,183.26 1 1
github.com/niconeoz/gopresentation/writer_chart.go:183.26,186.3 1 1
github.com/niconeoz/gopresentation/writer_chart.go:187.2,197.26 3 1
github.com/niconeoz/gopresentation/writer_chart.go:197.26,200.3 1 1
github.com/niconeoz/gopresentation/writer_chart.go:201.2,201.26 1 1
github.com/niconeoz/gopresentation/writer_chart.go:201.26,204.3 1 0
github.com/niconeoz/gopresentation/writer_chart.go:205.2,205.21 1 1
github.com/niconeoz/gopresentation/writer_chart.go:205.21,208.3 1 1
github.com/niconeoz/gopresentation/writer_chart.go:209.2,209.31 1 1
github.com/niconeoz/gopresentation/writer_chart.go:209.31,211.3 1 1
github.com/niconeoz/gopresentation/writer_chart.go:212.2,212.31 1 1
github.com/niconeoz/gopresentation/writer_chart.go:212.31,214.3 1 0
github.com/niconeoz/gopresentation/writer_chart.go:215.2,217.32 2 1
github.com/niconeoz/gopresentation/writer_chart.go:220.60,221.22 1 1
github.com/niconeoz/gopresentation/writer_chart.go:221.22,223.3 1 0
github.com/niconeoz/gopresentation/writer_chart.go:224.2,224.17 1 1
github.com/niconeoz/gopresentation/writer_chart.go:227.74,236.2 1 1
github.com/niconeoz/gopresentation/writer_chart.go:238.105,240.29 2 1
github.com/niconeoz/gopresentation/writer_chart.go:240.29,242.29 2 1
github.com/niconeoz/gopresentation/writer_chart.go:242.29,245.4 1 0
github.com/niconeoz/gopresentation/writer_chart.go:247.3,254.80 2 1
github.com/niconeoz/gopresentation/writer_chart.go:254.80,256.19 2 1
github.com/niconeoz/gopresentation/writer_chart.go:256.19,258.5 1 1
github.com/niconeoz/gopresentation/writer_chart.go:259.4,259.26 1 1
github.com/niconeoz/gopresentation/writer_chart.go:259.26,261.5 1 0
github.com/niconeoz/gopresentation/writer_chart.go:262.4,262.24 1 1
github.com/niconeoz/gopresentation/writer_chart.go:262.24,264.5 1 1
github.com/niconeoz/gopresentation/writer_chart.go:265.4,265.24 1 1
github.com/niconeoz/gopresentation/writer_chart.go:265.24,267.5 1 0
github.com/niconeoz/gopresentation/writer_chart.go:268.4,268.47 1 1
github.com/niconeoz/gopresentation/writer_chart.go:268.47,270.5 1 0
github.com/niconeoz/gopresentation/writer_chart.go:271.4,271.29 1 1
github.com/niconeoz/gopresentation/writer_chart.go:271.29,273.5 1 0
github.com/niconeoz/gopresentation/writer_chart.go:274.4,274.44 1 1
github.com/niconeoz/gopresentation/writer_chart.go:278.3,278.26 1 1
github.com/niconeoz/gopresentation/writer_chart.go:278.26,281.35 3 1
github.com/niconeoz/gopresentation/writer_chart.go:281.35,283.5 1 1
github.com/niconeoz/gopresentation/writer_chart.go:284.4,284.80 1 1
github.com/niconeoz/gopresentation/writer_chart.go:288.3,290.34 3 1
github.com/niconeoz/gopresentation/writer_chart.go:290.34,293.4 2 1
github.com/niconeoz/gopresentation/writer_chart.go:294.3,296.36 2 1
github.com/niconeoz/gopresentation/writer_chart.go:296.36,299.4 1 0
github.com/niconeoz/gopresentation/writer_chart.go:301.3,301.39 1 1
github.com/niconeoz/gopresentation/writer_chart.go:303.2,303.20 1 1
github.com/niconeoz/gopresentation/writer_chart.go:306.74,318.2 1 1
github.com/niconeoz/gopresentation/writer_chart.go:320.78,331.2 1 0
github.com/niconeoz/gopresentation/writer_chart.go:333.76,335.16 2 1
github.com/niconeoz/gopresentation/writer_chart.go:335.16,337.3 1 1
github.com/niconeoz/gopresentation/writer_chart.go:338.2,349.14 3 1
github.com/niconeoz/gopresentation/writer_chart.go:352.76,360.2 1 1
github.com/niconeoz/gopresentation/writer_chart.go:362.74,367.2 1 1
github.com/niconeoz/gopresentation/writer_chart.go:369.78,374.2 1 0
github.com/niconeoz/gopresentation/writer_chart.go:376.84,382.2 1 1
github.com/niconeoz/gopresentation/writer_chart.go:384.82,386.16 2 1
github.com/niconeoz/gopresentation/writer_chart.go:386.16,388.3 1 0
github.com/niconeoz/gopresentation/writer_chart.go:390.2,391.31 2 1
github.com/niconeoz/gopresentation/writer_chart.go:391.31,393.29 2 1
github.com/niconeoz/gopresentation/writer_chart.go:393.29,396.4 1 0
github.com/niconeoz/gopresentation/writer_chart.go:397.3,406.28 4 1
github.com/niconeoz/gopresentation/writer_chart.go:406.28,408.4 1 1
github.com/niconeoz/gopresentation/writer_chart.go:409.3,414.28 4 1
github.com/niconeoz/gopresentation/writer_chart.go:414.28,417.4 2 1
github.com/niconeoz/gopresentation/writer_chart.go:418.3,421.39 3 1
github.com/niconeoz/gopresentation/writer_chart.go:424.2,430.16 1 1
github.com/niconeoz/gopresentation/writer_chart.go:433.78,441.2 1 1
github.com/niconeoz/gopresentation/writer_comment.go:8.41,9.46 1 1
github.com/niconeoz/gopresentation/writer_comment.go:9.46,10.30 1 1
github.com/niconeoz/gopresentation/writer_comment.go:10.30,12.4 1 1
github.com/niconeoz/gopresentation/writer_comment.go:14.2,14.14 1 1
github.com/niconeoz/gopresentation/writer_comment.go:17.56,22.46 4 1
github.com/niconeoz/gopresentation/writer_comment.go:22.46,23.36 1 1
github.com/niconeoz/gopresentation/writer_comment.go:23.36,24.23 1 1
github.com/niconeoz/gopresentation/writer_comment.go:24.23,25.42 1 1
github.com/niconeoz/gopresentation/writer_comment.go:25.42,31.6 5 1
github.com/niconeoz/gopresentation/writer_comment.go:31.11,33.6 1 0
github.com/niconeoz/gopresentation/writer_comment.go:37.2,37.16 1 1
github.com/niconeoz/gopresentation/writer_comment.go:40.64,41.22 1 1
github.com/niconeoz/gopresentation/writer_comment.go:41.22,43.3 1 0
github.com/niconeoz/gopresentation/writer_comment.go:45.2,49.28 3 1
github.com/niconeoz/gopresentation/writer_comment.go:49.28,53.3 1 1
github.com/niconeoz/gopresentation/writer_comment.go:54.2,57.64 2 1
github.com/niconeoz/gopresentation/writer_comment.go:60.91,61.30 1 1
github.com/niconeoz/gopresentation/writer_comment.go:61.30,63.3 1 0
github.com/niconeoz/gopresentation/writer_comment.go:65.2,68.37 2 1
github.com/niconeoz/gopresentation/writer_comment.go:68.37,70.22 2 1
github.com/niconeoz/gopresentation/writer_comment.go:70.22,72.4 1 1
github.com/niconeoz/gopresentation/writer_comment.go:73.3,82.22 1 1
github.com/niconeoz/gopresentation/writer_comment.go:84.2,87.91 2 1
github.com/niconeoz/gopresentation/writer_parts.go:10.62,15.39 4 1
github.com/niconeoz/gopresentation/writer_parts.go:15.39,19.3 2 1
github.com/niconeoz/gopresentation/writer_parts.go:21.2,37.62 2 1
github.com/niconeoz/gopresentation/writer_parts.go:42.59,46.26 3 1
github.com/niconeoz/gopresentation/writer_parts.go:47.28,48.28 1 1
github.com/niconeoz/gopresentation/writer_parts.go:49.27,50.27 1 0
github.com/niconeoz/gopresentation/writer_parts.go:51.26,52.26 1 0
github.com/niconeoz/gopresentation/writer_parts.go:55.2,61.59 2 1
github.com/niconeoz/gopresentation/writer_parts.go:66.59,69.21 3 1
github.com/niconeoz/gopresentation/writer_parts.go:70.17,71.25 1 1
github.com/niconeoz/gopresentation/writer_parts.go:72.19,73.27 1 0
github.com/niconeoz/gopresentation/writer_parts.go:74.19,75.27 1 0
github.com/niconeoz/gopresentation/writer_parts.go:76.23,77.29 1 0
github.com/niconeoz/gopresentation/writer_parts.go:78.23,79.29 1 0
github.com/niconeoz/gopresentation/writer_parts.go:82.2,101.59 2 1
github.com/niconeoz/gopresentation/writer_parts.go:106.61,110.2 2 1
github.com/niconeoz/gopresentation/writer_parts.go:114.61,145.91 2 1
github.com/niconeoz/gopresentation/writer_parts.go:145.91,147.3 1 0
github.com/niconeoz/gopresentation/writer_parts.go:150.2,155.83 2 1
github.com/niconeoz/gopresentation/writer_parts.go:160.61,185.91 2 1
github.com/niconeoz/gopresentation/writer_parts.go:185.91,187.3 1 0
github.com/niconeoz/gopresentation/writer_parts.go:190.2,194.83 2 1
github.com/niconeoz/gopresentation/writer_parts.go:199.55,268.2 2 1
github.com/niconeoz/gopresentation/writer_slide.go:10.83,14.37 3 1
github.com/niconeoz/gopresentation/writer_slide.go:14.37,15.28 1 1
github.com/niconeoz/gopresentation/writer_slide.go:16.26,17.66 1 1
github.com/niconeoz/gopresentation/writer_slide.go:18.23,19.63 1 1
github.com/niconeoz/gopresentation/writer_slide.go:20.22,21.72 1 1
github.com/niconeoz/gopresentation/writer_slide.go:22.20,23.60 1 1
github.com/niconeoz/gopresentation/writer_slide.go:24.19,25.59 1 1
github.com/niconeoz/gopresentation/writer_slide.go:26.19,27.59 1 1
github.com/niconeoz/gopresentation/writer_slide.go:28.20,29.70 1 1
github.com/niconeoz/gopresentation/writer_slide.go:30.20,31.70 1 1
github.com/niconeoz/gopresentation/writer_slide.go:36.2,37.66 2 1
github.com/niconeoz/gopresentation/writer_slide.go:37.66,41.3 3 1
github.com/niconeoz/gopresentation/writer_slide.go:43.2,67.87 2 1
github.com/niconeoz/gopresentation/writer_slide.go:70.87,76.37 3 1
github.com/niconeoz/gopresentation/writer_slide.go:76.37,77.28 1 1
github.com/niconeoz/gopresentation/writer_slide.go:78.22,79.37 1 1
github.com/niconeoz/gopresentation/writer_slide.go:79.37,86.5 4 1
github.com/niconeoz/gopresentation/writer_slide.go:87.20,92.12 3 1
github.com/niconeoz/gopresentation/writer_slide.go:95.3,95.43 1 1
github.com/niconeoz/gopresentation/writer_slide.go:95.43,96.39 1 1
github.com/niconeoz/gopresentation/writer_slide.go:96.39,97.40 1 1
github.com/niconeoz/gopresentation/writer_slide.go:97.40,98.62 1 1
github.com/niconeoz/gopresentation/writer_slide.go:98.62,99.35 1 0
github.com/niconeoz/gopresentation/writer_slide.go:99.35,104.8 2 0
github.com/niconeoz/gopresentation/writer_slide.go:112.2,112.29 1 1
github.com/niconeoz/gopresentation/writer_slide.go:112.29,117.3 2 1
github.com/niconeoz/gopresentation/writer_slide.go:120.2,120.23 1 1
github.com/niconeoz/gopresentation/writer_slide.go:120.23,125.3 2 1
github.com/niconeoz/gopresentation/writer_slide.go:127.2,129.95 2 1
github.com/niconeoz/gopresentation/writer_slide.go:132.76,134.43 2 1
github.com/niconeoz/gopresentation/writer_slide.go:134.43,135.35 1 1
github.com/niconeoz/gopresentation/writer_slide.go:135.35,136.43 1 1
github.com/niconeoz/gopresentation/writer_slide.go:136.43,137.40 1 1
github.com/niconeoz/gopresentation/writer_slide.go:137.40,138.22 1 1
github.com/niconeoz/gopresentation/writer_slide.go:138.22,140.7 1 1
github.com/niconeoz/gopresentation/writer_slide.go:141.6,141.11 1 0
github.com/niconeoz/gopresentation/writer_slide.go:146.2,146.12 1 0
github.com/niconeoz/gopresentation/writer_slide.go:151.83,156.16 4 1
github.com/niconeoz/gopresentation/writer_slide.go:156.16,158.3 1 1
github.com/niconeoz/gopresentation/writer_slide.go:160.2,161.21 2 1
github.com/niconeoz/gopresentation/writer_slide.go:161.21,163.3 1 0
github.com/niconeoz/gopresentation/writer_slide.go:165.2,169.36 4 1
github.com/niconeoz/gopresentation/writer_slide.go:169.36,171.3 1 1
github.com/niconeoz/gopresentation/writer_slide.go:173.2,197.26 1 1
github.com/niconeoz/gopresentation/writer_slide.go:200.35,201.10 1 1
github.com/niconeoz/gopresentation/writer_slide.go:201.10,203.3 1 1
github.com/niconeoz/gopresentation/writer_slide.go:204.2,204.15 1 0
github.com/niconeoz/gopresentation/writer_slide.go:207.64,210.28 3 1
github.com/niconeoz/gopresentation/writer_slide.go:210.28,212.3 1 1
github.com/niconeoz/gopresentation/writer_slide.go:215.2,215.21 1 1
github.com/niconeoz/gopresentation/writer_slide.go:215.21,217.3 1 0
github.com/niconeoz/gopresentation/writer_slide.go:219.2,220.37 2 1
github.com/niconeoz/gopresentation/writer_slide.go:220.37,221.27 1 1
github.com/niconeoz/gopresentation/writer_slide.go:222.17,223.49 1 1
github.com/niconeoz/gopresentation/writer_slide.go:224.22,225.50 1 0
github.com/niconeoz/gopresentation/writer_slide.go:229.2,230.26 2 1
github.com/niconeoz/gopresentation/writer_slide.go:230.26,233.3 1 0
github.com/niconeoz/gopresentation/writer_slide.go:234.2,234.26 1 1
github.com/niconeoz/gopresentation/writer_slide.go:234.26,237.3 1 0
github.com/niconeoz/gopresentation/writer_slide.go:238.2,238.25 1 1
github.com/niconeoz/gopresentation/writer_slide.go:238.25,241.3 1 0
github.com/niconeoz/gopresentation/writer_slide.go:244.2,245.24 2 1
github.com/niconeoz/gopresentation/writer_slide.go:245.24,247.3 1 1
github.com/niconeoz/gopresentation/writer_slide.go:249.2,253.51 1 1
github.com/niconeoz/gopresentation/writer_slide.go:256.58,260.15 3 1
github.com/niconeoz/gopresentation/writer_slide.go:260.15,262.3 1 1
github.com/niconeoz/gopresentation/writer_slide.go:263.2,263.17 1 1
github.com/niconeoz/gopresentation/writer_slide.go:263.17,265.3 1 1
github.com/niconeoz/gopresentation/writer_slide.go:266.2,266.61 1 1
github.com/niconeoz/gopresentation/writer_slide.go:266.61,268.3 1 0
github.com/niconeoz/gopresentation/writer_slide.go:269.2,269.24 1 1
github.com/niconeoz/gopresentation/writer_slide.go:269.24,271.3 1 0
github.com/niconeoz/gopresentation/writer_slide.go:273.2,274.27 2 1
github.com/niconeoz/gopresentation/writer_slide.go:274.27,277.3 1 1
github.com/niconeoz/gopresentation/writer_slide.go:279.2,280.21 2 1
github.com/niconeoz/gopresentation/writer_slide.go:280.21,283.3 1 1
github.com/niconeoz/gopresentation/writer_slide.go:285.2,287.53 3 1
github.com/niconeoz/gopresentation/writer_slide.go:287.53,290.3 1 0
github.com/niconeoz/gopresentation/writer_slide.go:292.2,297.70 1 1
github.com/niconeoz/gopresentation/writer_slide.go:302.95,307.16 4 1
github.com/niconeoz/gopresentation/writer_slide.go:307.16,309.3 1 1
github.com/niconeoz/gopresentation/writer_slide.go:312.2,313.43 2 1
github.com/niconeoz/gopresentation/writer_slide.go:313.43,314.35 1 1
github.com/niconeoz/gopresentation/writer_slide.go:314.35,315.80 1 1
github.com/niconeoz/gopresentation/writer_slide.go:315.80,316.16 1 1
github.com/niconeoz/gopresentation/writer_slide.go:316.16,317.16 1 1
github.com/niconeoz/gopresentation/writer_slide.go:319.5,319.13 1 0
github.com/niconeoz/gopresentation/writer_slide.go:325.2,326.41 2 1
github.com/niconeoz/gopresentation/writer_slide.go:326.41,340.3 1 0
github.com/niconeoz/gopresentation/writer_slide.go:342.2,369.13 1 1
github.com/niconeoz/gopresentation/writer_slide.go:374.75,379.16 4 1
github.com/niconeoz/gopresentation/writer_slide.go:379.16,381.3 1 1
github.com/niconeoz/gopresentation/writer_slide.go:383.2,387.18 4 1
github.com/niconeoz/gopresentation/writer_slide.go:387.18,399.3 1 1
github.com/niconeoz/gopresentation/writer_slide.go:401.2,420.31 1 1
github.com/niconeoz/gopresentation/writer_slide.go:425.75,430.16 4 1
github.com/niconeoz/gopresentation/writer_slide.go:430.16,432.3 1 1
github.com/niconeoz/gopresentation/writer_slide.go:434.2,458.24 1 1
github.com/niconeoz/gopresentation/writer_slide.go:463.77,468.16 4 1
github.com/niconeoz/gopresentation/writer_slide.go:468.16,470.3 1 1
github.com/niconeoz/gopresentation/writer_slide.go:472.2,473.19 2 1
github.com/niconeoz/gopresentation/writer_slide.go:473.19,475.3 1 1
github.com/niconeoz/gopresentation/writer_slide.go:477.2,478.33 2 1
github.com/niconeoz/gopresentation/writer_slide.go:478.33,481.3 1 1
github.com/niconeoz/gopresentation/writer_slide.go:483.2,485.19 3 1
github.com/niconeoz/gopresentation/writer_slide.go:485.19,487.3 1 1
github.com/niconeoz/gopresentation/writer_slide.go:489.2,489.33 1 1
github.com/niconeoz/gopresentation/writer_slide.go:489.33,492.34 2 1
github.com/niconeoz/gopresentation/writer_slide.go:492.34,495.55 3 1
github.com/niconeoz/gopresentation/writer_slide.go:495.55,498.5 1 1
github.com/niconeoz/gopresentation/writer_slide.go:500.4,501.41 2 1
github.com/niconeoz/gopresentation/writer_slide.go:501.41,503.40 2 1
github.com/niconeoz/gopresentation/writer_slide.go:503.40,504.39 1 1
github.com/niconeoz/gopresentation/writer_slide.go:504.39,510.7 1 1
github.com/niconeoz/gopresentation/writer_slide.go:512.5,512.53 1 1
github.com/niconeoz/gopresentation/writer_slide.go:515.4,523.33 1 1
github.com/niconeoz/gopresentation/writer_slide.go:525.3,525.47 1 1
github.com/niconeoz/gopresentation/writer_slide.go:528.2,552.39 1 1
github.com/niconeoz/gopresentation/writer_slide.go:557.51,558.14 1 1
github.com/niconeoz/gopresentation/writer_slide.go:558.14,560.3 1 0
github.com/niconeoz/gopresentation/writer_slide.go:561.2,561.16 1 1
github.com/niconeoz/gopresentation/writer_slide.go:562.17,563.105 1 1
github.com/niconeoz/gopresentation/writer_slide.go:564.26,572.60 1 1
github.com/niconeoz/gopresentation/writer_slide.go:573.10,574.12 1 1
github.com/niconeoz/gopresentation/writer_slide.go:578.55,579.39 1 1
github.com/niconeoz/gopresentation/writer_slide.go:579.39,581.3 1 1
github.com/niconeoz/gopresentation/writer_slide.go:582.2,583.29 1 0
github.com/niconeoz/gopresentation/writer_slide.go:588.55,590.46 2 1
github.com/niconeoz/gopresentation/writer_slide.go:590.46,591.38 1 1
github.com/niconeoz/gopresentation/writer_slide.go:591.38,592.43 1 1
github.com/niconeoz/gopresentation/writer_slide.go:592.43,593.23 1 1
github.com/niconeoz/gopresentation/writer_slide.go:593.23,596.20 3 1
github.com/niconeoz/gopresentation/writer_slide.go:596.20,598.7 1 0
github.com/niconeoz/gopresentation/writer_slide.go:599.6,599.49 1 1
github.com/niconeoz/gopresentation/writer_slide.go:599.49,601.7 1 0
github.com/niconeoz/gopresentation/writer_slide.go:602.6,602.14 1 1
github.com/niconeoz/gopresentation/writer_slide.go:603.11,603.29 1 0
github.com/niconeoz/gopresentation/writer_slide.go:603.29,605.20 2 0
github.com/niconeoz/gopresentation/writer_slide.go:605.20,607.7 1 0
github.com/niconeoz/gopresentation/writer_slide.go:608.6,610.20 3 0
github.com/niconeoz/gopresentation/writer_slide.go:610.20,612.7 1 0
github.com/niconeoz/gopresentation/writer_slide.go:613.6,613.46 1 0
github.com/niconeoz/gopresentation/writer_slide.go:613.46,615.7 1 0
github.com/niconeoz/gopresentation/writer_slide.go:616.6,616.14 1 0
github.com/niconeoz/gopresentation/writer_slide.go:621.2,621.12 1 1
github.com/niconeoz/gopresentation/writer_slide.go:624.60,626.46 2 1
github.com/niconeoz/gopresentation/writer_slide.go:626.46,627.38 1 1
github.com/niconeoz/gopresentation/writer_slide.go:627.38,628.41 1 1
github.com/niconeoz/gopresentation/writer_slide.go:628.41,629.21 1 1
github.com/niconeoz/gopresentation/writer_slide.go:629.21,631.6 1 1
github.com/niconeoz/gopresentation/writer_slide.go:632.5,632.10 1 0
github.com/niconeoz/gopresentation/writer_slide.go:636.2,636.12 1 0
github.com/niconeoz/gopresentation/writer_slide.go:641.91,646.16 4 1
github.com/niconeoz/gopresentation/writer_slide.go:646.16,648.3 1 1
github.com/niconeoz/gopresentation/writer_slide.go:651.2,652.65 2 1
github.com/niconeoz/gopresentation/writer_slide.go:652.65,653.79 1 1
github.com/niconeoz/gopresentation/writer_slide.go:653.79,655.4 1 0
github.com/niconeoz/gopresentation/writer_slide.go:656.3,656.17 1 1
github.com/niconeoz/gopresentation/writer_slide.go:656.17,657.9 1 1
github.com/niconeoz/gopresentation/writer_slide.go:659.3,659.39 1 1
github.com/niconeoz/gopresentation/writer_slide.go:659.39,661.4 1 0
github.com/niconeoz/gopresentation/writer_slide.go:664.2,684.10 1 1
github.com/niconeoz/gopresentation/writer_slide.go:689.91,694.16 4 1
github.com/niconeoz/gopresentation/writer_slide.go:694.16,696.3 1 1
github.com/niconeoz/gopresentation/writer_slide.go:698.2,699.33 2 1
github.com/niconeoz/gopresentation/writer_slide.go:699.33,700.28 1 1
github.com/niconeoz/gopresentation/writer_slide.go:701.23,702.61 1 1
github.com/niconeoz/gopresentation/writer_slide.go:703.19,704.57 1 0
github.com/niconeoz/gopresentation/writer_slide.go:705.19,706.57 1 1
github.com/niconeoz/gopresentation/writer_slide.go:707.22,708.70 1 0
github.com/niconeoz/gopresentation/writer_slide.go:712.2,730.21 1 1
github.com/niconeoz/gopresentation/writer_slide.go:735.89,740.16 4 1
github.com/niconeoz/gopresentation/writer_slide.go:740.16,742.3 1 1
github.com/niconeoz/gopresentation/writer_slide.go:744.2,745.36 2 1
github.com/niconeoz/gopresentation/writer_slide.go:745.36,747.3 1 1
github.com/niconeoz/gopresentation/writer_slide.go:749.2,773.26 1 1
github.com/niconeoz/gopresentation/writer_slide.go:778.88,822.113 2 1
github.com/niconeoz/gopresentation/writer_slide.go:822.113,824.3 1 0
github.com/niconeoz/gopresentation/writer_slide.go:827.2,831.105 2 1
github.com/niconeoz/gopresentation/writer_slide.go:836.55,837.30 1 1
github.com/niconeoz/gopresentation/writer_slide.go:837.30,839.3 1 0
github.com/niconeoz/gopresentation/writer_slide.go:841.2,844.20 2 1
github.com/niconeoz/gopresentation/writer_slide.go:844.20,846.3 1 1
github.com/niconeoz/gopresentation/writer_slide.go:849.2,849.19 1 1
github.com/niconeoz/gopresentation/writer_slide.go:849.19,851.3 1 1
github.com/niconeoz/gopresentation/writer_slide.go:853.2,853.16 1 1
github.com/niconeoz/gopresentation/writer_slide.go:854.22,856.19 2 1
github.com/niconeoz/gopresentation/writer_slide.go:856.19,858.4 1 1
github.com/niconeoz/gopresentation/writer_slide.go:859.3,860.93 2 1
github.com/niconeoz/gopresentation/writer_slide.go:861.25,862.115 1 1
github.com/niconeoz/gopresentation/writer_slide.go:865.2,865.20 1 1
github.com/niconeoz/gopresentation/writer_xml.go:60.70,62.16 2 1
github.com/niconeoz/gopresentation/writer_xml.go:62.16,64.3 1 0
github.com/niconeoz/gopresentation/writer_xml.go:65.2,65.56 1 1
github.com/niconeoz/gopresentation/writer_xml.go:65.56,67.3 1 0
github.com/niconeoz/gopresentation/writer_xml.go:68.2,70.38 3 1
github.com/niconeoz/gopresentation/writer_xml.go:70.38,72.3 1 0
github.com/niconeoz/gopresentation/writer_xml.go:73.2,73.12 1 1
github.com/niconeoz/gopresentation/writer_xml.go:76.74,78.16 2 1
github.com/niconeoz/gopresentation/writer_xml.go:78.16,80.3 1 0
github.com/niconeoz/gopresentation/writer_xml.go:81.2,82.12 2 1
github.com/niconeoz/gopresentation/writer_xml.go:104.62,125.39 2 1
github.com/niconeoz/gopresentation/writer_xml.go:125.39,130.3 1 1
github.com/niconeoz/gopresentation/writer_xml.go:133.2,134.46 2 1
github.com/niconeoz/gopresentation/writer_xml.go:134.46,135.38 1 1
github.com/niconeoz/gopresentation/writer_xml.go:135.38,136.43 1 1
github.com/niconeoz/gopresentation/writer_xml.go:136.43,137.40 1 1
github.com/niconeoz/gopresentation/writer_xml.go:137.40,141.36 4 1
github.com/niconeoz/gopresentation/writer_xml.go:141.36,142.29 1 1
github.com/niconeoz/gopresentation/writer_xml.go:142.29,144.13 2 0
github.com/niconeoz/gopresentation/writer_xml.go:147.6,147.16 1 1
github.com/niconeoz/gopresentation/writer_xml.go:147.16,152.7 1 1
github.com/niconeoz/gopresentation/writer_xml.go:157.2,161.46 3 1
github.com/niconeoz/gopresentation/writer_xml.go:161.46,162.38 1 1
github.com/niconeoz/gopresentation/writer_xml.go:162.38,163.40 1 1
github.com/niconeoz/gopresentation/writer_xml.go:163.40,169.5 2 1
github.com/niconeoz/gopresentation/writer_xml.go:174.2,174.21 1 1
github.com/niconeoz/gopresentation/writer_xml.go:174.21,179.47 2 1
github.com/niconeoz/gopresentation/writer_xml.go:179.47,180.31 1 1
github.com/niconeoz/gopresentation/writer_xml.go:180.31,185.5 1 1
github.com/niconeoz/gopresentation/writer_xml.go:190.2,190.46 1 1
github.com/niconeoz/gopresentation/writer_xml.go:190.46,191.24 1 1
github.com/niconeoz/gopresentation/writer_xml.go:191.24,196.4 1 1
github.com/niconeoz/gopresentation/writer_xml.go:199.2,199.53 1 1
github.com/niconeoz/gopresentation/writer_xml.go:202.65,203.23 1 1
github.com/niconeoz/gopresentation/writer_xml.go:203.23,204.22 1 1
github.com/niconeoz/gopresentation/writer_xml.go:205.20,206.16 1 1
github.com/niconeoz/gopresentation/writer_xml.go:207.21,208.17 1 0
github.com/niconeoz/gopresentation/writer_xml.go:209.20,210.16 1 0
github.com/niconeoz/gopresentation/writer_xml.go:211.20,212.16 1 0
github.com/niconeoz/gopresentation/writer_xml.go:213.24,214.16 1 0
github.com/niconeoz/gopresentation/writer_xml.go:217.2,217.19 1 0
github.com/niconeoz/gopresentation/writer_xml.go:217.19,219.19 2 0
github.com/niconeoz/gopresentation/writer_xml.go:219.19,221.4 1 0
github.com/niconeoz/gopresentation/writer_xml.go:222.3,222.13 1 0
github.com/niconeoz/gopresentation/writer_xml.go:224.2,224.14 1 0
github.com/niconeoz/gopresentation/writer_xml.go:227.67,228.23 1 1
github.com/niconeoz/gopresentation/writer_xml.go:228.23,230.3 1 1
github.com/niconeoz/gopresentation/writer_xml.go:231.2,232.13 2 0
github.com/niconeoz/gopresentation/writer_xml.go:233.13,234.21 1 0
github.com/niconeoz/gopresentation/writer_xml.go:235.21,236.22 1 0
github.com/niconeoz/gopresentation/writer_xml.go:237.13,238.21 1 0
github.com/niconeoz/gopresentation/writer_xml.go:239.13,240.21 1 0
github.com/niconeoz/gopresentation/writer_xml.go:241.13,242.25 1 0
github.com/niconeoz/gopresentation/writer_xml.go:243.10,244.21 1 0
github.com/niconeoz/gopresentation/writer_xml.go:263.58,273.2 2 1
github.com/niconeoz/gopresentation/writer_xml.go:275.66,290.39 5 1
github.com/niconeoz/gopresentation/writer_xml.go:290.39,297.3 2 1
github.com/niconeoz/gopresentation/writer_xml.go:300.2,332.21 9 1
github.com/niconeoz/gopresentation/writer_xml.go:332.21,338.3 1 1
github.com/niconeoz/gopresentation/writer_xml.go:340.2,340.67 1 1
github.com/niconeoz/gopresentation/writer_xml.go:345.63,354.2 3 1
github.com/niconeoz/gopresentation/writer_xml.go:358.64,386.2 3 1
github.com/niconeoz/gopresentation/writer_xml.go:388.33,395.2 6 1
